Analysis & Synthesis report for lab9_34
Fri Dec 30 22:59:43 2022
Quartus II 64-Bit Version 13.1.0 Build 162 10/23/2013 SJ Web Edition


---------------------
; Table of Contents ;
---------------------
  1. Legal Notice
  2. Analysis & Synthesis Summary
  3. Analysis & Synthesis Settings
  4. Parallel Compilation
  5. Analysis & Synthesis Source Files Read
  6. Analysis & Synthesis Resource Usage Summary
  7. Analysis & Synthesis Resource Utilization by Entity
  8. General Register Statistics
  9. Inverted Register Statistics
 10. Multiplexer Restructuring Statistics (Restructuring Performed)
 11. Parameter Settings for User Entity Instance: code_select:inst8|74151:inst1
 12. Parameter Settings for User Entity Instance: code_select:inst8|74151:inst7
 13. Parameter Settings for User Entity Instance: code_select:inst8|74151:inst5
 14. Parameter Settings for User Entity Instance: code_select:inst8|74151:inst9
 15. Parameter Settings for User Entity Instance: spead_select:inst1|74151:inst
 16. Parameter Settings for User Entity Instance: cnt7:inst18|74161:inst
 17. Elapsed Time Per Partition
 18. Analysis & Synthesis Messages



----------------
; Legal Notice ;
----------------
Copyright (C) 1991-2013 Altera Corporation
Your use of Altera Corporation's design tools, logic functions 
and other software and tools, and its AMPP partner logic 
functions, and any output files from any of the foregoing 
(including device programming or simulation files), and any 
associated documentation or information are expressly subject 
to the terms and conditions of the Altera Program License 
Subscription Agreement, Altera MegaCore Function License 
Agreement, or other applicable license agreement, including, 
without limitation, that your use is for the sole purpose of 
programming logic devices manufactured by Altera and sold by 
Altera or its authorized distributors.  Please refer to the 
applicable agreement for further details.



+---------------------------------------------------------------------------------+
; Analysis & Synthesis Summary                                                    ;
+------------------------------------+--------------------------------------------+
; Analysis & Synthesis Status        ; Successful - Fri Dec 30 22:59:43 2022      ;
; Quartus II 64-Bit Version          ; 13.1.0 Build 162 10/23/2013 SJ Web Edition ;
; Revision Name                      ; lab9_34                                    ;
; Top-level Entity Name              ; main_34                                    ;
; Family                             ; Cyclone IV E                               ;
; Total logic elements               ; 131                                        ;
;     Total combinational functions  ; 127                                        ;
;     Dedicated logic registers      ; 67                                         ;
; Total registers                    ; 67                                         ;
; Total pins                         ; 19                                         ;
; Total virtual pins                 ; 0                                          ;
; Total memory bits                  ; 0                                          ;
; Embedded Multiplier 9-bit elements ; 0                                          ;
; Total PLLs                         ; 0                                          ;
+------------------------------------+--------------------------------------------+


+----------------------------------------------------------------------------------------------------------------------+
; Analysis & Synthesis Settings                                                                                        ;
+----------------------------------------------------------------------------+--------------------+--------------------+
; Option                                                                     ; Setting            ; Default Value      ;
+----------------------------------------------------------------------------+--------------------+--------------------+
; Device                                                                     ; EP4CE6E22C8        ;                    ;
; Top-level entity name                                                      ; main_34            ; lab9_34            ;
; Family name                                                                ; Cyclone IV E       ; Cyclone IV GX      ;
; Use smart compilation                                                      ; Off                ; Off                ;
; Enable parallel Assembler and TimeQuest Timing Analyzer during compilation ; On                 ; On                 ;
; Enable compact report table                                                ; Off                ; Off                ;
; Restructure Multiplexers                                                   ; Auto               ; Auto               ;
; Create Debugging Nodes for IP Cores                                        ; Off                ; Off                ;
; Preserve fewer node names                                                  ; On                 ; On                 ;
; Disable OpenCore Plus hardware evaluation                                  ; Off                ; Off                ;
; Verilog Version                                                            ; Verilog_2001       ; Verilog_2001       ;
; VHDL Version                                                               ; VHDL_1993          ; VHDL_1993          ;
; State Machine Processing                                                   ; Auto               ; Auto               ;
; Safe State Machine                                                         ; Off                ; Off                ;
; Extract Verilog State Machines                                             ; On                 ; On                 ;
; Extract VHDL State Machines                                                ; On                 ; On                 ;
; Ignore Verilog initial constructs                                          ; Off                ; Off                ;
; Iteration limit for constant Verilog loops                                 ; 5000               ; 5000               ;
; Iteration limit for non-constant Verilog loops                             ; 250                ; 250                ;
; Add Pass-Through Logic to Inferred RAMs                                    ; On                 ; On                 ;
; Infer RAMs from Raw Logic                                                  ; On                 ; On                 ;
; Parallel Synthesis                                                         ; On                 ; On                 ;
; DSP Block Balancing                                                        ; Auto               ; Auto               ;
; NOT Gate Push-Back                                                         ; On                 ; On                 ;
; Power-Up Don't Care                                                        ; On                 ; On                 ;
; Remove Redundant Logic Cells                                               ; Off                ; Off                ;
; Remove Duplicate Registers                                                 ; On                 ; On                 ;
; Ignore CARRY Buffers                                                       ; Off                ; Off                ;
; Ignore CASCADE Buffers                                                     ; Off                ; Off                ;
; Ignore GLOBAL Buffers                                                      ; Off                ; Off                ;
; Ignore ROW GLOBAL Buffers                                                  ; Off                ; Off                ;
; Ignore LCELL Buffers                                                       ; Off                ; Off                ;
; Ignore SOFT Buffers                                                        ; On                 ; On                 ;
; Limit AHDL Integers to 32 Bits                                             ; Off                ; Off                ;
; Optimization Technique                                                     ; Balanced           ; Balanced           ;
; Carry Chain Length                                                         ; 70                 ; 70                 ;
; Auto Carry Chains                                                          ; On                 ; On                 ;
; Auto Open-Drain Pins                                                       ; On                 ; On                 ;
; Perform WYSIWYG Primitive Resynthesis                                      ; Off                ; Off                ;
; Auto ROM Replacement                                                       ; On                 ; On                 ;
; Auto RAM Replacement                                                       ; On                 ; On                 ;
; Auto DSP Block Replacement                                                 ; On                 ; On                 ;
; Auto Shift Register Replacement                                            ; Auto               ; Auto               ;
; Allow Shift Register Merging across Hierarchies                            ; Auto               ; Auto               ;
; Auto Clock Enable Replacement                                              ; On                 ; On                 ;
; Strict RAM Replacement                                                     ; Off                ; Off                ;
; Allow Synchronous Control Signals                                          ; On                 ; On                 ;
; Force Use of Synchronous Clear Signals                                     ; Off                ; Off                ;
; Auto RAM Block Balancing                                                   ; On                 ; On                 ;
; Auto RAM to Logic Cell Conversion                                          ; Off                ; Off                ;
; Auto Resource Sharing                                                      ; Off                ; Off                ;
; Allow Any RAM Size For Recognition                                         ; Off                ; Off                ;
; Allow Any ROM Size For Recognition                                         ; Off                ; Off                ;
; Allow Any Shift Register Size For Recognition                              ; Off                ; Off                ;
; Use LogicLock Constraints during Resource Balancing                        ; On                 ; On                 ;
; Ignore translate_off and synthesis_off directives                          ; Off                ; Off                ;
; Timing-Driven Synthesis                                                    ; On                 ; On                 ;
; Report Parameter Settings                                                  ; On                 ; On                 ;
; Report Source Assignments                                                  ; On                 ; On                 ;
; Report Connectivity Checks                                                 ; On                 ; On                 ;
; Ignore Maximum Fan-Out Assignments                                         ; Off                ; Off                ;
; Synchronization Register Chain Length                                      ; 2                  ; 2                  ;
; PowerPlay Power Optimization                                               ; Normal compilation ; Normal compilation ;
; HDL message level                                                          ; Level2             ; Level2             ;
; Suppress Register Optimization Related Messages                            ; Off                ; Off                ;
; Number of Removed Registers Reported in Synthesis Report                   ; 5000               ; 5000               ;
; Number of Swept Nodes Reported in Synthesis Report                         ; 5000               ; 5000               ;
; Number of Inverted Registers Reported in Synthesis Report                  ; 100                ; 100                ;
; Clock MUX Protection                                                       ; On                 ; On                 ;
; Auto Gated Clock Conversion                                                ; Off                ; Off                ;
; Block Design Naming                                                        ; Auto               ; Auto               ;
; SDC constraint protection                                                  ; Off                ; Off                ;
; Synthesis Effort                                                           ; Auto               ; Auto               ;
; Shift Register Replacement - Allow Asynchronous Clear Signal               ; On                 ; On                 ;
; Pre-Mapping Resynthesis Optimization                                       ; Off                ; Off                ;
; Analysis & Synthesis Message Level                                         ; Medium             ; Medium             ;
; Disable Register Merging Across Hierarchies                                ; Auto               ; Auto               ;
; Resource Aware Inference For Block RAM                                     ; On                 ; On                 ;
; Synthesis Seed                                                             ; 1                  ; 1                  ;
+----------------------------------------------------------------------------+--------------------+--------------------+


+------------------------------------------+
; Parallel Compilation                     ;
+----------------------------+-------------+
; Processors                 ; Number      ;
+----------------------------+-------------+
; Number detected on machine ; 16          ;
; Maximum allowed            ; 16          ;
;                            ;             ;
; Average used               ; 1.00        ;
; Maximum used               ; 16          ;
;                            ;             ;
; Usage by Processor         ; % Time Used ;
;     Processor 1            ; 100.0%      ;
;     Processors 2-16        ; < 0.1%      ;
+----------------------------+-------------+


+------------------------------------------------------------------------------------------------------------------------------------------------------------------+
; Analysis & Synthesis Source Files Read                                                                                                                           ;
+----------------------------------+-----------------+------------------------------------+--------------------------------------------------------------+---------+
; File Name with User-Entered Path ; Used in Netlist ; File Type                          ; File Name with Absolute Path                                 ; Library ;
+----------------------------------+-----------------+------------------------------------+--------------------------------------------------------------+---------+
; spead_select.bdf                 ; yes             ; User Block Diagram/Schematic File  ; E:/mathlabs/szdzz_34tian/spead_select.bdf                    ;         ;
; docker_34.bdf                    ; yes             ; User Block Diagram/Schematic File  ; E:/mathlabs/szdzz_34tian/docker_34.bdf                       ;         ;
; m100.bdf                         ; yes             ; User Block Diagram/Schematic File  ; E:/mathlabs/szdzz_34tian/m100.bdf                            ;         ;
; fre_div.bdf                      ; yes             ; User Block Diagram/Schematic File  ; E:/mathlabs/szdzz_34tian/fre_div.bdf                         ;         ;
; m6.bdf                           ; yes             ; User Block Diagram/Schematic File  ; E:/mathlabs/szdzz_34tian/m6.bdf                              ;         ;
; dig_select_34.bdf                ; yes             ; User Block Diagram/Schematic File  ; E:/mathlabs/szdzz_34tian/dig_select_34.bdf                   ;         ;
; code_select.bdf                  ; yes             ; User Block Diagram/Schematic File  ; E:/mathlabs/szdzz_34tian/code_select.bdf                     ;         ;
; cnt60_34.bdf                     ; yes             ; User Block Diagram/Schematic File  ; E:/mathlabs/szdzz_34tian/cnt60_34.bdf                        ;         ;
; cnt24_34.bdf                     ; yes             ; User Block Diagram/Schematic File  ; E:/mathlabs/szdzz_34tian/cnt24_34.bdf                        ;         ;
; main_34.bdf                      ; yes             ; User Block Diagram/Schematic File  ; E:/mathlabs/szdzz_34tian/main_34.bdf                         ;         ;
; cnt7.bdf                         ; yes             ; User Block Diagram/Schematic File  ; E:/mathlabs/szdzz_34tian/cnt7.bdf                            ;         ;
; 74138.bdf                        ; yes             ; Megafunction                       ; f:/tools/altera/quartus/libraries/others/maxplus2/74138.bdf  ;         ;
; 74390.bdf                        ; yes             ; Megafunction                       ; f:/tools/altera/quartus/libraries/others/maxplus2/74390.bdf  ;         ;
; 7448.bdf                         ; yes             ; Megafunction                       ; f:/tools/altera/quartus/libraries/others/maxplus2/7448.bdf   ;         ;
; 74151.tdf                        ; yes             ; Megafunction                       ; f:/tools/altera/quartus/libraries/others/maxplus2/74151.tdf  ;         ;
; aglobal.inc                      ; yes             ; Megafunction                       ; f:/tools/altera/quartus/libraries/megafunctions/aglobal.inc  ;         ;
; f74151.bdf                       ; yes             ; Megafunction                       ; f:/tools/altera/quartus/libraries/others/maxplus2/f74151.bdf ;         ;
; 74161.tdf                        ; yes             ; Megafunction                       ; f:/tools/altera/quartus/libraries/others/maxplus2/74161.tdf  ;         ;
; f74161.bdf                       ; yes             ; Megafunction                       ; f:/tools/altera/quartus/libraries/others/maxplus2/f74161.bdf ;         ;
+----------------------------------+-----------------+------------------------------------+--------------------------------------------------------------+---------+


+----------------------------------------------------------------------+
; Analysis & Synthesis Resource Usage Summary                          ;
+---------------------------------------------+------------------------+
; Resource                                    ; Usage                  ;
+---------------------------------------------+------------------------+
; Estimated Total logic elements              ; 131                    ;
;                                             ;                        ;
; Total combinational functions               ; 127                    ;
; Logic element usage by number of LUT inputs ;                        ;
;     -- 4 input functions                    ; 26                     ;
;     -- 3 input functions                    ; 30                     ;
;     -- <=2 input functions                  ; 71                     ;
;                                             ;                        ;
; Logic elements by mode                      ;                        ;
;     -- normal mode                          ; 127                    ;
;     -- arithmetic mode                      ; 0                      ;
;                                             ;                        ;
; Total registers                             ; 67                     ;
;     -- Dedicated logic registers            ; 67                     ;
;     -- I/O registers                        ; 0                      ;
;                                             ;                        ;
; I/O pins                                    ; 19                     ;
; Embedded Multiplier 9-bit elements          ; 0                      ;
; Maximum fan-out node                        ; m6:inst10|74390:inst|6 ;
; Maximum fan-out                             ; 21                     ;
; Total fan-out                               ; 488                    ;
; Average fan-out                             ; 2.10                   ;
+---------------------------------------------+------------------------+


+-----------------------------------------------------------------------------------------------------------------------------------------------------------------------------------------------------------+
; Analysis & Synthesis Resource Utilization by Entity                                                                                                                                                       ;
+----------------------------+-------------------+--------------+-------------+--------------+---------+-----------+------+--------------+---------------------------------------------------+--------------+
; Compilation Hierarchy Node ; LC Combinationals ; LC Registers ; Memory Bits ; DSP Elements ; DSP 9x9 ; DSP 18x18 ; Pins ; Virtual Pins ; Full Hierarchy Name                               ; Library Name ;
+----------------------------+-------------------+--------------+-------------+--------------+---------+-----------+------+--------------+---------------------------------------------------+--------------+
; |main_34                   ; 127 (0)           ; 67 (0)       ; 0           ; 0            ; 0       ; 0         ; 19   ; 0            ; |main_34                                          ; work         ;
;    |cnt24_34:inst14|       ; 14 (4)            ; 9 (1)        ; 0           ; 0            ; 0       ; 0         ; 0    ; 0            ; |main_34|cnt24_34:inst14                          ; work         ;
;       |74390:inst6|        ; 10 (10)           ; 8 (8)        ; 0           ; 0            ; 0       ; 0         ; 0    ; 0            ; |main_34|cnt24_34:inst14|74390:inst6              ; work         ;
;    |cnt60_34:inst15|       ; 12 (1)            ; 9 (1)        ; 0           ; 0            ; 0       ; 0         ; 0    ; 0            ; |main_34|cnt60_34:inst15                          ; work         ;
;       |74390:inst6|        ; 11 (11)           ; 8 (8)        ; 0           ; 0            ; 0       ; 0         ; 0    ; 0            ; |main_34|cnt60_34:inst15|74390:inst6              ; work         ;
;    |cnt60_34:inst16|       ; 12 (2)            ; 9 (1)        ; 0           ; 0            ; 0       ; 0         ; 0    ; 0            ; |main_34|cnt60_34:inst16                          ; work         ;
;       |74390:inst6|        ; 10 (10)           ; 8 (8)        ; 0           ; 0            ; 0       ; 0         ; 0    ; 0            ; |main_34|cnt60_34:inst16|74390:inst6              ; work         ;
;    |cnt7:inst18|           ; 5 (1)             ; 4 (0)        ; 0           ; 0            ; 0       ; 0         ; 0    ; 0            ; |main_34|cnt7:inst18                              ; work         ;
;       |74161:inst|         ; 4 (0)             ; 4 (0)        ; 0           ; 0            ; 0       ; 0         ; 0    ; 0            ; |main_34|cnt7:inst18|74161:inst                   ; work         ;
;          |f74161:sub|      ; 4 (4)             ; 4 (4)        ; 0           ; 0            ; 0       ; 0         ; 0    ; 0            ; |main_34|cnt7:inst18|74161:inst|f74161:sub        ; work         ;
;    |code_select:inst8|     ; 21 (0)            ; 0 (0)        ; 0           ; 0            ; 0       ; 0         ; 0    ; 0            ; |main_34|code_select:inst8                        ; work         ;
;       |74151:inst1|        ; 6 (0)             ; 0 (0)        ; 0           ; 0            ; 0       ; 0         ; 0    ; 0            ; |main_34|code_select:inst8|74151:inst1            ; work         ;
;          |f74151:sub|      ; 6 (6)             ; 0 (0)        ; 0           ; 0            ; 0       ; 0         ; 0    ; 0            ; |main_34|code_select:inst8|74151:inst1|f74151:sub ; work         ;
;       |74151:inst5|        ; 5 (0)             ; 0 (0)        ; 0           ; 0            ; 0       ; 0         ; 0    ; 0            ; |main_34|code_select:inst8|74151:inst5            ; work         ;
;          |f74151:sub|      ; 5 (5)             ; 0 (0)        ; 0           ; 0            ; 0       ; 0         ; 0    ; 0            ; |main_34|code_select:inst8|74151:inst5|f74151:sub ; work         ;
;       |74151:inst7|        ; 5 (0)             ; 0 (0)        ; 0           ; 0            ; 0       ; 0         ; 0    ; 0            ; |main_34|code_select:inst8|74151:inst7            ; work         ;
;          |f74151:sub|      ; 5 (5)             ; 0 (0)        ; 0           ; 0            ; 0       ; 0         ; 0    ; 0            ; |main_34|code_select:inst8|74151:inst7|f74151:sub ; work         ;
;       |74151:inst9|        ; 5 (0)             ; 0 (0)        ; 0           ; 0            ; 0       ; 0         ; 0    ; 0            ; |main_34|code_select:inst8|74151:inst9            ; work         ;
;          |f74151:sub|      ; 5 (5)             ; 0 (0)        ; 0           ; 0            ; 0       ; 0         ; 0    ; 0            ; |main_34|code_select:inst8|74151:inst9|f74151:sub ; work         ;
;    |dig_select_34:inst3|   ; 9 (0)             ; 0 (0)        ; 0           ; 0            ; 0       ; 0         ; 0    ; 0            ; |main_34|dig_select_34:inst3                      ; work         ;
;       |74138:inst|         ; 9 (9)             ; 0 (0)        ; 0           ; 0            ; 0       ; 0         ; 0    ; 0            ; |main_34|dig_select_34:inst3|74138:inst           ; work         ;
;    |docker_34:inst9|       ; 7 (3)             ; 0 (0)        ; 0           ; 0            ; 0       ; 0         ; 0    ; 0            ; |main_34|docker_34:inst9                          ; work         ;
;       |7448:inst|          ; 4 (4)             ; 0 (0)        ; 0           ; 0            ; 0       ; 0         ; 0    ; 0            ; |main_34|docker_34:inst9|7448:inst                ; work         ;
;    |fre_div:inst|          ; 39 (0)            ; 31 (0)       ; 0           ; 0            ; 0       ; 0         ; 0    ; 0            ; |main_34|fre_div:inst                             ; work         ;
;       |74390:inst|         ; 9 (9)             ; 7 (7)        ; 0           ; 0            ; 0       ; 0         ; 0    ; 0            ; |main_34|fre_div:inst|74390:inst                  ; work         ;
;       |m100:inst5|         ; 10 (0)            ; 8 (0)        ; 0           ; 0            ; 0       ; 0         ; 0    ; 0            ; |main_34|fre_div:inst|m100:inst5                  ; work         ;
;          |74390:inst|      ; 10 (10)           ; 8 (8)        ; 0           ; 0            ; 0       ; 0         ; 0    ; 0            ; |main_34|fre_div:inst|m100:inst5|74390:inst       ; work         ;
;       |m100:inst6|         ; 10 (0)            ; 8 (0)        ; 0           ; 0            ; 0       ; 0         ; 0    ; 0            ; |main_34|fre_div:inst|m100:inst6                  ; work         ;
;          |74390:inst|      ; 10 (10)           ; 8 (8)        ; 0           ; 0            ; 0       ; 0         ; 0    ; 0            ; |main_34|fre_div:inst|m100:inst6|74390:inst       ; work         ;
;       |m100:inst7|         ; 10 (0)            ; 8 (0)        ; 0           ; 0            ; 0       ; 0         ; 0    ; 0            ; |main_34|fre_div:inst|m100:inst7                  ; work         ;
;          |74390:inst|      ; 10 (10)           ; 8 (8)        ; 0           ; 0            ; 0       ; 0         ; 0    ; 0            ; |main_34|fre_div:inst|m100:inst7|74390:inst       ; work         ;
;    |m6:inst10|             ; 5 (0)             ; 5 (1)        ; 0           ; 0            ; 0       ; 0         ; 0    ; 0            ; |main_34|m6:inst10                                ; work         ;
;       |74390:inst|         ; 5 (5)             ; 4 (4)        ; 0           ; 0            ; 0       ; 0         ; 0    ; 0            ; |main_34|m6:inst10|74390:inst                     ; work         ;
;    |spead_select:inst1|    ; 3 (0)             ; 0 (0)        ; 0           ; 0            ; 0       ; 0         ; 0    ; 0            ; |main_34|spead_select:inst1                       ; work         ;
;       |74151:inst|         ; 3 (0)             ; 0 (0)        ; 0           ; 0            ; 0       ; 0         ; 0    ; 0            ; |main_34|spead_select:inst1|74151:inst            ; work         ;
;          |f74151:sub|      ; 3 (3)             ; 0 (0)        ; 0           ; 0            ; 0       ; 0         ; 0    ; 0            ; |main_34|spead_select:inst1|74151:inst|f74151:sub ; work         ;
+----------------------------+-------------------+--------------+-------------+--------------+---------+-----------+------+--------------+---------------------------------------------------+--------------+
Note: For table entries with two numbers listed, the numbers in parentheses indicate the number of resources of the given type used by the specific entity alone. The numbers listed outside of parentheses indicate the total resources of the given type used by the specific entity and all of its sub-entities in the hierarchy.


+------------------------------------------------------+
; General Register Statistics                          ;
+----------------------------------------------+-------+
; Statistic                                    ; Value ;
+----------------------------------------------+-------+
; Total registers                              ; 67    ;
; Number of registers using Synchronous Clear  ; 0     ;
; Number of registers using Synchronous Load   ; 0     ;
; Number of registers using Asynchronous Clear ; 32    ;
; Number of registers using Asynchronous Load  ; 0     ;
; Number of registers using Clock Enable       ; 0     ;
; Number of registers using Preset             ; 0     ;
+----------------------------------------------+-------+


+--------------------------------------------------+
; Inverted Register Statistics                     ;
+----------------------------------------+---------+
; Inverted Register                      ; Fan out ;
+----------------------------------------+---------+
; m6:inst10|inst1                        ; 4       ;
; cnt60_34:inst16|inst2                  ; 3       ;
; cnt60_34:inst15|inst2                  ; 3       ;
; cnt24_34:inst14|inst2                  ; 5       ;
; Total number of inverted registers = 4 ;         ;
+----------------------------------------+---------+


+--------------------------------------------------------------------------------------------------------------------------------------------------------------------+
; Multiplexer Restructuring Statistics (Restructuring Performed)                                                                                                     ;
+--------------------+-----------+---------------+----------------------+------------------------+------------+------------------------------------------------------+
; Multiplexer Inputs ; Bus Width ; Baseline Area ; Area if Restructured ; Saving if Restructured ; Registered ; Example Multiplexer Output                           ;
+--------------------+-----------+---------------+----------------------+------------------------+------------+------------------------------------------------------+
; 7:1                ; 4 bits    ; 16 LEs        ; 16 LEs               ; 0 LEs                  ; No         ; |main_34|code_select:inst8|74151:inst1|f74151:sub|81 ;
+--------------------+-----------+---------------+----------------------+------------------------+------------+------------------------------------------------------+


+----------------------------------------------------------------------------+
; Parameter Settings for User Entity Instance: code_select:inst8|74151:inst1 ;
+------------------------+--------------+------------------------------------+
; Parameter Name         ; Value        ; Type                               ;
+------------------------+--------------+------------------------------------+
; DEVICE_FAMILY          ; Cyclone IV E ; Untyped                            ;
; AUTO_CARRY_CHAINS      ; ON           ; AUTO_CARRY                         ;
; IGNORE_CARRY_BUFFERS   ; OFF          ; IGNORE_CARRY                       ;
; AUTO_CASCADE_CHAINS    ; ON           ; AUTO_CASCADE                       ;
; IGNORE_CASCADE_BUFFERS ; OFF          ; IGNORE_CASCADE                     ;
+------------------------+--------------+------------------------------------+
Note: In order to hide this table in the UI and the text report file, please set the "Show Parameter Settings in Synthesis Report" option in "Analysis and Synthesis Settings -> More Settings" to "Off".


+----------------------------------------------------------------------------+
; Parameter Settings for User Entity Instance: code_select:inst8|74151:inst7 ;
+------------------------+--------------+------------------------------------+
; Parameter Name         ; Value        ; Type                               ;
+------------------------+--------------+------------------------------------+
; DEVICE_FAMILY          ; Cyclone IV E ; Untyped                            ;
; AUTO_CARRY_CHAINS      ; ON           ; AUTO_CARRY                         ;
; IGNORE_CARRY_BUFFERS   ; OFF          ; IGNORE_CARRY                       ;
; AUTO_CASCADE_CHAINS    ; ON           ; AUTO_CASCADE                       ;
; IGNORE_CASCADE_BUFFERS ; OFF          ; IGNORE_CASCADE                     ;
+------------------------+--------------+------------------------------------+
Note: In order to hide this table in the UI and the text report file, please set the "Show Parameter Settings in Synthesis Report" option in "Analysis and Synthesis Settings -> More Settings" to "Off".


+----------------------------------------------------------------------------+
; Parameter Settings for User Entity Instance: code_select:inst8|74151:inst5 ;
+------------------------+--------------+------------------------------------+
; Parameter Name         ; Value        ; Type                               ;
+------------------------+--------------+------------------------------------+
; DEVICE_FAMILY          ; Cyclone IV E ; Untyped                            ;
; AUTO_CARRY_CHAINS      ; ON           ; AUTO_CARRY                         ;
; IGNORE_CARRY_BUFFERS   ; OFF          ; IGNORE_CARRY                       ;
; AUTO_CASCADE_CHAINS    ; ON           ; AUTO_CASCADE                       ;
; IGNORE_CASCADE_BUFFERS ; OFF          ; IGNORE_CASCADE                     ;
+------------------------+--------------+------------------------------------+
Note: In order to hide this table in the UI and the text report file, please set the "Show Parameter Settings in Synthesis Report" option in "Analysis and Synthesis Settings -> More Settings" to "Off".


+----------------------------------------------------------------------------+
; Parameter Settings for User Entity Instance: code_select:inst8|74151:inst9 ;
+------------------------+--------------+------------------------------------+
; Parameter Name         ; Value        ; Type                               ;
+------------------------+--------------+------------------------------------+
; DEVICE_FAMILY          ; Cyclone IV E ; Untyped                            ;
; AUTO_CARRY_CHAINS      ; ON           ; AUTO_CARRY                         ;
; IGNORE_CARRY_BUFFERS   ; OFF          ; IGNORE_CARRY                       ;
; AUTO_CASCADE_CHAINS    ; ON           ; AUTO_CASCADE                       ;
; IGNORE_CASCADE_BUFFERS ; OFF          ; IGNORE_CASCADE                     ;
+------------------------+--------------+------------------------------------+
Note: In order to hide this table in the UI and the text report file, please set the "Show Parameter Settings in Synthesis Report" option in "Analysis and Synthesis Settings -> More Settings" to "Off".


+----------------------------------------------------------------------------+
; Parameter Settings for User Entity Instance: spead_select:inst1|74151:inst ;
+------------------------+--------------+------------------------------------+
; Parameter Name         ; Value        ; Type                               ;
+------------------------+--------------+------------------------------------+
; DEVICE_FAMILY          ; Cyclone IV E ; Untyped                            ;
; AUTO_CARRY_CHAINS      ; ON           ; AUTO_CARRY                         ;
; IGNORE_CARRY_BUFFERS   ; OFF          ; IGNORE_CARRY                       ;
; AUTO_CASCADE_CHAINS    ; ON           ; AUTO_CASCADE                       ;
; IGNORE_CASCADE_BUFFERS ; OFF          ; IGNORE_CASCADE                     ;
+------------------------+--------------+------------------------------------+
Note: In order to hide this table in the UI and the text report file, please set the "Show Parameter Settings in Synthesis Report" option in "Analysis and Synthesis Settings -> More Settings" to "Off".


+---------------------------------------------------------------------+
; Parameter Settings for User Entity Instance: cnt7:inst18|74161:inst ;
+------------------------+--------------+-----------------------------+
; Parameter Name         ; Value        ; Type                        ;
+------------------------+--------------+-----------------------------+
; DEVICE_FAMILY          ; Cyclone IV E ; Untyped                     ;
; AUTO_CARRY_CHAINS      ; ON           ; AUTO_CARRY                  ;
; IGNORE_CARRY_BUFFERS   ; OFF          ; IGNORE_CARRY                ;
; AUTO_CASCADE_CHAINS    ; ON           ; AUTO_CASCADE                ;
; IGNORE_CASCADE_BUFFERS ; OFF          ; IGNORE_CASCADE              ;
+------------------------+--------------+-----------------------------+
Note: In order to hide this table in the UI and the text report file, please set the "Show Parameter Settings in Synthesis Report" option in "Analysis and Synthesis Settings -> More Settings" to "Off".


+-------------------------------+
; Elapsed Time Per Partition    ;
+----------------+--------------+
; Partition Name ; Elapsed Time ;
+----------------+--------------+
; Top            ; 00:00:00     ;
+----------------+--------------+


+-------------------------------+
; Analysis & Synthesis Messages ;
+-------------------------------+
Info: *******************************************************************
Info: Running Quartus II 64-Bit Analysis & Synthesis
    Info: Version 13.1.0 Build 162 10/23/2013 SJ Web Edition
    Info: Processing started: Fri Dec 30 22:59:41 2022
Info: Command: quartus_map --read_settings_files=on --write_settings_files=off lab9_34 -c lab9_34
Info (20030): Parallel compilation is enabled and will use 16 of the 16 processors detected
Info (12021): Found 1 design units, including 1 entities, in source file spead_select.bdf
    Info (12023): Found entity 1: spead_select
Info (12021): Found 1 design units, including 1 entities, in source file docker_34.bdf
    Info (12023): Found entity 1: docker_34
Info (12021): Found 1 design units, including 1 entities, in source file m10.bdf
    Info (12023): Found entity 1: m10
Info (12021): Found 1 design units, including 1 entities, in source file m100.bdf
    Info (12023): Found entity 1: m100
Info (12021): Found 1 design units, including 1 entities, in source file fre_div.bdf
    Info (12023): Found entity 1: fre_div
Info (12021): Found 1 design units, including 1 entities, in source file demo2_34.bdf
    Info (12023): Found entity 1: demo2_34
Info (12021): Found 1 design units, including 1 entities, in source file tz_34.bdf
    Info (12023): Found entity 1: tz_34
Info (12021): Found 1 design units, including 1 entities, in source file demo2_fz_34.bdf
    Info (12023): Found entity 1: demo2_fz_34
Info (12021): Found 1 design units, including 1 entities, in source file xd_34.bdf
    Info (12023): Found entity 1: xd_34
Info (12021): Found 1 design units, including 1 entities, in source file m6.bdf
    Info (12023): Found entity 1: m6
Info (12021): Found 1 design units, including 1 entities, in source file cnt100.bdf
    Info (12023): Found entity 1: cnt100
Info (12021): Found 1 design units, including 1 entities, in source file dig_select_34.bdf
    Info (12023): Found entity 1: dig_select_34
Info (12021): Found 1 design units, including 1 entities, in source file code_select.bdf
    Info (12023): Found entity 1: code_select
Info (12021): Found 1 design units, including 1 entities, in source file cnt60_34.bdf
    Info (12023): Found entity 1: cnt60_34
Info (12021): Found 1 design units, including 1 entities, in source file cnt24_34.bdf
    Info (12023): Found entity 1: cnt24_34
Info (12021): Found 1 design units, including 1 entities, in source file main_34.bdf
    Info (12023): Found entity 1: main_34
Info (12021): Found 1 design units, including 1 entities, in source file cnt7.bdf
    Info (12023): Found entity 1: cnt7
Info (12127): Elaborating entity "main_34" for the top level hierarchy
Warning (275011): Block or symbol "cnt60_34" of instance "inst16" overlaps another block or symbol
Info (12128): Elaborating entity "dig_select_34" for hierarchy "dig_select_34:inst3"
Info (12128): Elaborating entity "74138" for hierarchy "dig_select_34:inst3|74138:inst"
Info (12130): Elaborated megafunction instantiation "dig_select_34:inst3|74138:inst"
Info (12128): Elaborating entity "m6" for hierarchy "m6:inst10"
Info (12128): Elaborating entity "74390" for hierarchy "m6:inst10|74390:inst"
Info (12130): Elaborated megafunction instantiation "m6:inst10|74390:inst"
Info (12128): Elaborating entity "fre_div" for hierarchy "fre_div:inst"
Info (12128): Elaborating entity "m100" for hierarchy "fre_div:inst|m100:inst7"
Info (12128): Elaborating entity "docker_34" for hierarchy "docker_34:inst9"
Info (12128): Elaborating entity "7448" for hierarchy "docker_34:inst9|7448:inst"
Info (12130): Elaborated megafunction instantiation "docker_34:inst9|7448:inst"
Info (12128): Elaborating entity "code_select" for hierarchy "code_select:inst8"
Info (12128): Elaborating entity "74151" for hierarchy "code_select:inst8|74151:inst1"
Info (12130): Elaborated megafunction instantiation "code_select:inst8|74151:inst1"
Info (12128): Elaborating entity "f74151" for hierarchy "code_select:inst8|74151:inst1|f74151:sub"
Info (12131): Elaborated megafunction instantiation "code_select:inst8|74151:inst1|f74151:sub", which is child of megafunction instantiation "code_select:inst8|74151:inst1"
Info (12128): Elaborating entity "cnt24_34" for hierarchy "cnt24_34:inst14"
Warning (275011): Block or symbol "NOT" of instance "inst" overlaps another block or symbol
Warning (275011): Block or symbol "NOT" of instance "inst7" overlaps another block or symbol
Warning (275011): Block or symbol "NOT" of instance "inst9" overlaps another block or symbol
Info (12128): Elaborating entity "cnt60_34" for hierarchy "cnt60_34:inst16"
Info (12128): Elaborating entity "spead_select" for hierarchy "spead_select:inst1"
Info (12128): Elaborating entity "74151" for hierarchy "spead_select:inst1|74151:inst"
Info (12130): Elaborated megafunction instantiation "spead_select:inst1|74151:inst"
Info (12128): Elaborating entity "cnt7" for hierarchy "cnt7:inst18"
Info (12128): Elaborating entity "74161" for hierarchy "cnt7:inst18|74161:inst"
Info (12130): Elaborated megafunction instantiation "cnt7:inst18|74161:inst"
Info (12128): Elaborating entity "f74161" for hierarchy "cnt7:inst18|74161:inst|f74161:sub"
Info (12131): Elaborated megafunction instantiation "cnt7:inst18|74161:inst|f74161:sub", which is child of megafunction instantiation "cnt7:inst18|74161:inst"
Info (13014): Ignored 12 buffer(s)
    Info (13015): Ignored 3 CARRY buffer(s)
    Info (13017): Ignored 9 CASCADE buffer(s)
Warning (19016): Clock multiplexers are found and protected
    Warning (19017): Found clock multiplexer spead_select:inst1|74151:inst|f74151:sub|78~0
    Warning (19017): Found clock multiplexer spead_select:inst1|74151:inst|f74151:sub|67~0
Info (13000): Registers with preset signals will power-up high
Info (13003): DEV_CLRn pin will set, and not reset, register with preset signal due to NOT Gate Push-Back
Info (286030): Timing-Driven Synthesis is running
Info (16010): Generating hard_block partition "hard_block:auto_generated_inst"
    Info (16011): Adding 0 node(s), including 0 DDIO, 0 PLL, 0 transceiver and 0 LCELL
Info (21057): Implemented 150 device resources after synthesis - the final resource count might be different
    Info (21058): Implemented 4 input pins
    Info (21059): Implemented 15 output pins
    Info (21061): Implemented 131 logic cells
Info: Quartus II 64-Bit Analysis & Synthesis was successful. 0 errors, 7 warnings
    Info: Peak virtual memory: 4728 megabytes
    Info: Processing ended: Fri Dec 30 22:59:43 2022
    Info: Elapsed time: 00:00:02
    Info: Total CPU time (on all processors): 00:00:01


