Analysis & Synthesis report for digital_clock
Thu Dec 07 19:24:56 2023
Quartus II 64-Bit Version 13.1.0 Build 162 10/23/2013 SJ Web Edition


---------------------
; Table of Contents ;
---------------------
  1. Legal Notice
  2. Analysis & Synthesis Summary
  3. Analysis & Synthesis Settings
  4. Parallel Compilation
  5. Analysis & Synthesis Source Files Read
  6. Analysis & Synthesis Resource Usage Summary
  7. Analysis & Synthesis Resource Utilization by Entity
  8. Registers Removed During Synthesis
  9. General Register Statistics
 10. Inverted Register Statistics
 11. Multiplexer Restructuring Statistics (Restructuring Performed)
 12. Parameter Settings for User Entity Instance: knocker:inst24|74151:inst
 13. Parameter Settings for User Entity Instance: knocker:inst24|cnt16:inst1|74161:inst
 14. Parameter Settings for User Entity Instance: bell_judge:inst8|74151:inst28
 15. Parameter Settings for User Entity Instance: clock:inst3|sec_select:inst9|74151:inst
 16. Parameter Settings for User Entity Instance: clock:inst3|sec_select:inst9|74151:inst5
 17. Parameter Settings for User Entity Instance: clock:inst3|sec_select:inst9|74151:inst7
 18. Parameter Settings for User Entity Instance: clock:inst3|sec_select:inst9|74151:inst9
 19. Parameter Settings for User Entity Instance: clock:inst3|cnt7:inst6|74161:inst6
 20. Parameter Settings for User Entity Instance: timer:inst9|sec_select:inst9|74151:inst
 21. Parameter Settings for User Entity Instance: timer:inst9|sec_select:inst9|74151:inst5
 22. Parameter Settings for User Entity Instance: timer:inst9|sec_select:inst9|74151:inst7
 23. Parameter Settings for User Entity Instance: timer:inst9|sec_select:inst9|74151:inst9
 24. Parameter Settings for User Entity Instance: timer:inst9|cnt7:inst6|74161:inst6
 25. Parameter Settings for User Entity Instance: miaobiao:inst6|sec_select:inst6|74151:inst
 26. Parameter Settings for User Entity Instance: miaobiao:inst6|sec_select:inst6|74151:inst5
 27. Parameter Settings for User Entity Instance: miaobiao:inst6|sec_select:inst6|74151:inst7
 28. Parameter Settings for User Entity Instance: miaobiao:inst6|sec_select:inst6|74151:inst9
 29. Parameter Settings for User Entity Instance: miaobiao:inst6|start_end:inst3|74151:inst1
 30. Elapsed Time Per Partition
 31. Analysis & Synthesis Messages



----------------
; Legal Notice ;
----------------
Copyright (C) 1991-2013 Altera Corporation
Your use of Altera Corporation's design tools, logic functions 
and other software and tools, and its AMPP partner logic 
functions, and any output files from any of the foregoing 
(including device programming or simulation files), and any 
associated documentation or information are expressly subject 
to the terms and conditions of the Altera Program License 
Subscription Agreement, Altera MegaCore Function License 
Agreement, or other applicable license agreement, including, 
without limitation, that your use is for the sole purpose of 
programming logic devices manufactured by Altera and sold by 
Altera or its authorized distributors.  Please refer to the 
applicable agreement for further details.



+---------------------------------------------------------------------------------+
; Analysis & Synthesis Summary                                                    ;
+------------------------------------+--------------------------------------------+
; Analysis & Synthesis Status        ; Successful - Thu Dec 07 19:24:56 2023      ;
; Quartus II 64-Bit Version          ; 13.1.0 Build 162 10/23/2013 SJ Web Edition ;
; Revision Name                      ; digital_clock                              ;
; Top-level Entity Name              ; digital_clock                              ;
; Family                             ; Cyclone III                                ;
; Total logic elements               ; 340                                        ;
;     Total combinational functions  ; 296                                        ;
;     Dedicated logic registers      ; 173                                        ;
; Total registers                    ; 173                                        ;
; Total pins                         ; 29                                         ;
; Total virtual pins                 ; 0                                          ;
; Total memory bits                  ; 0                                          ;
; Embedded Multiplier 9-bit elements ; 0                                          ;
; Total PLLs                         ; 0                                          ;
+------------------------------------+--------------------------------------------+


+----------------------------------------------------------------------------------------------------------------------+
; Analysis & Synthesis Settings                                                                                        ;
+----------------------------------------------------------------------------+--------------------+--------------------+
; Option                                                                     ; Setting            ; Default Value      ;
+----------------------------------------------------------------------------+--------------------+--------------------+
; Device                                                                     ; EP3C16Q240C8       ;                    ;
; Top-level entity name                                                      ; digital_clock      ; digital_clock      ;
; Family name                                                                ; Cyclone III        ; Cyclone IV GX      ;
; Use smart compilation                                                      ; Off                ; Off                ;
; Enable parallel Assembler and TimeQuest Timing Analyzer during compilation ; On                 ; On                 ;
; Enable compact report table                                                ; Off                ; Off                ;
; Restructure Multiplexers                                                   ; Auto               ; Auto               ;
; Create Debugging Nodes for IP Cores                                        ; Off                ; Off                ;
; Preserve fewer node names                                                  ; On                 ; On                 ;
; Disable OpenCore Plus hardware evaluation                                  ; Off                ; Off                ;
; Verilog Version                                                            ; Verilog_2001       ; Verilog_2001       ;
; VHDL Version                                                               ; VHDL_1993          ; VHDL_1993          ;
; State Machine Processing                                                   ; Auto               ; Auto               ;
; Safe State Machine                                                         ; Off                ; Off                ;
; Extract Verilog State Machines                                             ; On                 ; On                 ;
; Extract VHDL State Machines                                                ; On                 ; On                 ;
; Ignore Verilog initial constructs                                          ; Off                ; Off                ;
; Iteration limit for constant Verilog loops                                 ; 5000               ; 5000               ;
; Iteration limit for non-constant Verilog loops                             ; 250                ; 250                ;
; Add Pass-Through Logic to Inferred RAMs                                    ; On                 ; On                 ;
; Infer RAMs from Raw Logic                                                  ; On                 ; On                 ;
; Parallel Synthesis                                                         ; On                 ; On                 ;
; DSP Block Balancing                                                        ; Auto               ; Auto               ;
; NOT Gate Push-Back                                                         ; On                 ; On                 ;
; Power-Up Don't Care                                                        ; On                 ; On                 ;
; Remove Redundant Logic Cells                                               ; Off                ; Off                ;
; Remove Duplicate Registers                                                 ; On                 ; On                 ;
; Ignore CARRY Buffers                                                       ; Off                ; Off                ;
; Ignore CASCADE Buffers                                                     ; Off                ; Off                ;
; Ignore GLOBAL Buffers                                                      ; Off                ; Off                ;
; Ignore ROW GLOBAL Buffers                                                  ; Off                ; Off                ;
; Ignore LCELL Buffers                                                       ; Off                ; Off                ;
; Ignore SOFT Buffers                                                        ; On                 ; On                 ;
; Limit AHDL Integers to 32 Bits                                             ; Off                ; Off                ;
; Optimization Technique                                                     ; Balanced           ; Balanced           ;
; Carry Chain Length                                                         ; 70                 ; 70                 ;
; Auto Carry Chains                                                          ; On                 ; On                 ;
; Auto Open-Drain Pins                                                       ; On                 ; On                 ;
; Perform WYSIWYG Primitive Resynthesis                                      ; Off                ; Off                ;
; Auto ROM Replacement                                                       ; On                 ; On                 ;
; Auto RAM Replacement                                                       ; On                 ; On                 ;
; Auto DSP Block Replacement                                                 ; On                 ; On                 ;
; Auto Shift Register Replacement                                            ; Auto               ; Auto               ;
; Allow Shift Register Merging across Hierarchies                            ; Auto               ; Auto               ;
; Auto Clock Enable Replacement                                              ; On                 ; On                 ;
; Strict RAM Replacement                                                     ; Off                ; Off                ;
; Allow Synchronous Control Signals                                          ; On                 ; On                 ;
; Force Use of Synchronous Clear Signals                                     ; Off                ; Off                ;
; Auto RAM Block Balancing                                                   ; On                 ; On                 ;
; Auto RAM to Logic Cell Conversion                                          ; Off                ; Off                ;
; Auto Resource Sharing                                                      ; Off                ; Off                ;
; Allow Any RAM Size For Recognition                                         ; Off                ; Off                ;
; Allow Any ROM Size For Recognition                                         ; Off                ; Off                ;
; Allow Any Shift Register Size For Recognition                              ; Off                ; Off                ;
; Use LogicLock Constraints during Resource Balancing                        ; On                 ; On                 ;
; Ignore translate_off and synthesis_off directives                          ; Off                ; Off                ;
; Timing-Driven Synthesis                                                    ; On                 ; On                 ;
; Report Parameter Settings                                                  ; On                 ; On                 ;
; Report Source Assignments                                                  ; On                 ; On                 ;
; Report Connectivity Checks                                                 ; On                 ; On                 ;
; Ignore Maximum Fan-Out Assignments                                         ; Off                ; Off                ;
; Synchronization Register Chain Length                                      ; 2                  ; 2                  ;
; PowerPlay Power Optimization                                               ; Normal compilation ; Normal compilation ;
; HDL message level                                                          ; Level2             ; Level2             ;
; Suppress Register Optimization Related Messages                            ; Off                ; Off                ;
; Number of Removed Registers Reported in Synthesis Report                   ; 5000               ; 5000               ;
; Number of Swept Nodes Reported in Synthesis Report                         ; 5000               ; 5000               ;
; Number of Inverted Registers Reported in Synthesis Report                  ; 100                ; 100                ;
; Clock MUX Protection                                                       ; On                 ; On                 ;
; Auto Gated Clock Conversion                                                ; Off                ; Off                ;
; Block Design Naming                                                        ; Auto               ; Auto               ;
; SDC constraint protection                                                  ; Off                ; Off                ;
; Synthesis Effort                                                           ; Auto               ; Auto               ;
; Shift Register Replacement - Allow Asynchronous Clear Signal               ; On                 ; On                 ;
; Pre-Mapping Resynthesis Optimization                                       ; Off                ; Off                ;
; Analysis & Synthesis Message Level                                         ; Medium             ; Medium             ;
; Disable Register Merging Across Hierarchies                                ; Auto               ; Auto               ;
; Resource Aware Inference For Block RAM                                     ; On                 ; On                 ;
; Synthesis Seed                                                             ; 1                  ; 1                  ;
+----------------------------------------------------------------------------+--------------------+--------------------+


+------------------------------------------+
; Parallel Compilation                     ;
+----------------------------+-------------+
; Processors                 ; Number      ;
+----------------------------+-------------+
; Number detected on machine ; 16          ;
; Maximum allowed            ; 12          ;
;                            ;             ;
; Average used               ; 1.00        ;
; Maximum used               ; 12          ;
;                            ;             ;
; Usage by Processor         ; % Time Used ;
;     Processor 1            ; 100.0%      ;
;     Processors 2-12        ; < 0.1%      ;
;     Processors 13-16       ;   0.0%      ;
+----------------------------+-------------+


+-----------------------------------------------------------------------------------------------------------------------------------------------------------------+
; Analysis & Synthesis Source Files Read                                                                                                                          ;
+----------------------------------+-----------------+------------------------------------+-------------------------------------------------------------+---------+
; File Name with User-Entered Path ; Used in Netlist ; File Type                          ; File Name with Absolute Path                                ; Library ;
+----------------------------------+-----------------+------------------------------------+-------------------------------------------------------------+---------+
; sec_select.bdf                   ; yes             ; User Block Diagram/Schematic File  ; C:/Users/32424/Desktop/digital_clock -lab/sec_select.bdf    ;         ;
; m100.bdf                         ; yes             ; User Block Diagram/Schematic File  ; C:/Users/32424/Desktop/digital_clock -lab/m100.bdf          ;         ;
; key_debounce.bdf                 ; yes             ; User Block Diagram/Schematic File  ; C:/Users/32424/Desktop/digital_clock -lab/key_debounce.bdf  ;         ;
; fre_div.bdf                      ; yes             ; User Block Diagram/Schematic File  ; C:/Users/32424/Desktop/digital_clock -lab/fre_div.bdf       ;         ;
; dig_select.bdf                   ; yes             ; User Block Diagram/Schematic File  ; C:/Users/32424/Desktop/digital_clock -lab/dig_select.bdf    ;         ;
; code_select.bdf                  ; yes             ; User Block Diagram/Schematic File  ; C:/Users/32424/Desktop/digital_clock -lab/code_select.bdf   ;         ;
; digital_clock.bdf                ; yes             ; User Block Diagram/Schematic File  ; C:/Users/32424/Desktop/digital_clock -lab/digital_clock.bdf ;         ;
; cnt60.bdf                        ; yes             ; User Block Diagram/Schematic File  ; C:/Users/32424/Desktop/digital_clock -lab/cnt60.bdf         ;         ;
; cnt10.bdf                        ; yes             ; User Block Diagram/Schematic File  ; C:/Users/32424/Desktop/digital_clock -lab/cnt10.bdf         ;         ;
; cnt24.bdf                        ; yes             ; User Block Diagram/Schematic File  ; C:/Users/32424/Desktop/digital_clock -lab/cnt24.bdf         ;         ;
; spead_select.bdf                 ; yes             ; User Block Diagram/Schematic File  ; C:/Users/32424/Desktop/digital_clock -lab/spead_select.bdf  ;         ;
; cnt8.bdf                         ; yes             ; User Block Diagram/Schematic File  ; C:/Users/32424/Desktop/digital_clock -lab/cnt8.bdf          ;         ;
; cnt7.bdf                         ; yes             ; User Block Diagram/Schematic File  ; C:/Users/32424/Desktop/digital_clock -lab/cnt7.bdf          ;         ;
; timer.bdf                        ; yes             ; User Block Diagram/Schematic File  ; C:/Users/32424/Desktop/digital_clock -lab/timer.bdf         ;         ;
; knocker.bdf                      ; yes             ; User Block Diagram/Schematic File  ; C:/Users/32424/Desktop/digital_clock -lab/knocker.bdf       ;         ;
; cnt16.bdf                        ; yes             ; User Block Diagram/Schematic File  ; C:/Users/32424/Desktop/digital_clock -lab/cnt16.bdf         ;         ;
; bell_judge.bdf                   ; yes             ; User Block Diagram/Schematic File  ; C:/Users/32424/Desktop/digital_clock -lab/bell_judge.bdf    ;         ;
; clock.bdf                        ; yes             ; User Block Diagram/Schematic File  ; C:/Users/32424/Desktop/digital_clock -lab/clock.bdf         ;         ;
; mode_select.bdf                  ; yes             ; User Block Diagram/Schematic File  ; C:/Users/32424/Desktop/digital_clock -lab/mode_select.bdf   ;         ;
; jjncnt1.bdf                      ; yes             ; User Block Diagram/Schematic File  ; C:/Users/32424/Desktop/digital_clock -lab/jjncnt1.bdf       ;         ;
; start_end.bdf                    ; yes             ; User Block Diagram/Schematic File  ; C:/Users/32424/Desktop/digital_clock -lab/start_end.bdf     ;         ;
; miaobiao.bdf                     ; yes             ; User Block Diagram/Schematic File  ; C:/Users/32424/Desktop/digital_clock -lab/miaobiao.bdf      ;         ;
; Ucnt10.bdf                       ; yes             ; User Block Diagram/Schematic File  ; C:/Users/32424/Desktop/digital_clock -lab/Ucnt10.bdf        ;         ;
; Ucnt100.bdf                      ; yes             ; User Block Diagram/Schematic File  ; C:/Users/32424/Desktop/digital_clock -lab/Ucnt100.bdf       ;         ;
; Ucnt60.bdf                       ; yes             ; User Block Diagram/Schematic File  ; C:/Users/32424/Desktop/digital_clock -lab/Ucnt60.bdf        ;         ;
; 74390.bdf                        ; yes             ; Megafunction                       ; d:/altera/13.1/quartus/libraries/others/maxplus2/74390.bdf  ;         ;
; 74151.tdf                        ; yes             ; Megafunction                       ; d:/altera/13.1/quartus/libraries/others/maxplus2/74151.tdf  ;         ;
; aglobal.inc                      ; yes             ; Megafunction                       ; d:/altera/13.1/quartus/libraries/megafunctions/aglobal.inc  ;         ;
; f74151.bdf                       ; yes             ; Megafunction                       ; d:/altera/13.1/quartus/libraries/others/maxplus2/f74151.bdf ;         ;
; 74161.tdf                        ; yes             ; Megafunction                       ; d:/altera/13.1/quartus/libraries/others/maxplus2/74161.tdf  ;         ;
; f74161.bdf                       ; yes             ; Megafunction                       ; d:/altera/13.1/quartus/libraries/others/maxplus2/f74161.bdf ;         ;
; 74153m.bdf                       ; yes             ; Megafunction                       ; d:/altera/13.1/quartus/libraries/others/maxplus2/74153m.bdf ;         ;
; 74138.bdf                        ; yes             ; Megafunction                       ; d:/altera/13.1/quartus/libraries/others/maxplus2/74138.bdf  ;         ;
; 7448.bdf                         ; yes             ; Megafunction                       ; d:/altera/13.1/quartus/libraries/others/maxplus2/7448.bdf   ;         ;
+----------------------------------+-----------------+------------------------------------+-------------------------------------------------------------+---------+


+--------------------------------------------------------------------------+
; Analysis & Synthesis Resource Usage Summary                              ;
+---------------------------------------------+----------------------------+
; Resource                                    ; Usage                      ;
+---------------------------------------------+----------------------------+
; Estimated Total logic elements              ; 340                        ;
;                                             ;                            ;
; Total combinational functions               ; 296                        ;
; Logic element usage by number of LUT inputs ;                            ;
;     -- 4 input functions                    ; 92                         ;
;     -- 3 input functions                    ; 52                         ;
;     -- <=2 input functions                  ; 152                        ;
;                                             ;                            ;
; Logic elements by mode                      ;                            ;
;     -- normal mode                          ; 296                        ;
;     -- arithmetic mode                      ; 0                          ;
;                                             ;                            ;
; Total registers                             ; 173                        ;
;     -- Dedicated logic registers            ; 173                        ;
;     -- I/O registers                        ; 0                          ;
;                                             ;                            ;
; I/O pins                                    ; 29                         ;
; Embedded Multiplier 9-bit elements          ; 0                          ;
; Maximum fan-out node                        ; fre_div:inst|74390:inst2|3 ;
; Maximum fan-out                             ; 47                         ;
; Total fan-out                               ; 1196                       ;
; Average fan-out                             ; 2.27                       ;
+---------------------------------------------+----------------------------+


+----------------------------------------------------------------------------------------------------------------------------------------------------------------------------------------------------------------------------------+
; Analysis & Synthesis Resource Utilization by Entity                                                                                                                                                                              ;
+-------------------------------+-------------------+--------------+-------------+--------------+---------+-----------+------+--------------+-----------------------------------------------------------------------+--------------+
; Compilation Hierarchy Node    ; LC Combinationals ; LC Registers ; Memory Bits ; DSP Elements ; DSP 9x9 ; DSP 18x18 ; Pins ; Virtual Pins ; Full Hierarchy Name                                                   ; Library Name ;
+-------------------------------+-------------------+--------------+-------------+--------------+---------+-----------+------+--------------+-----------------------------------------------------------------------+--------------+
; |digital_clock                ; 296 (16)          ; 173 (0)      ; 0           ; 0            ; 0       ; 0         ; 29   ; 0            ; |digital_clock                                                        ; work         ;
;    |clock:inst3|              ; 43 (4)            ; 26 (0)       ; 0           ; 0            ; 0       ; 0         ; 0    ; 0            ; |digital_clock|clock:inst3                                            ; work         ;
;       |cnt24:inst2|           ; 13 (3)            ; 9 (1)        ; 0           ; 0            ; 0       ; 0         ; 0    ; 0            ; |digital_clock|clock:inst3|cnt24:inst2                                ; work         ;
;          |74390:inst6|        ; 10 (10)           ; 8 (8)        ; 0           ; 0            ; 0       ; 0         ; 0    ; 0            ; |digital_clock|clock:inst3|cnt24:inst2|74390:inst6                    ; work         ;
;       |cnt60:inst1|           ; 10 (0)            ; 7 (0)        ; 0           ; 0            ; 0       ; 0         ; 0    ; 0            ; |digital_clock|clock:inst3|cnt60:inst1                                ; work         ;
;          |74390:inst6|        ; 10 (10)           ; 7 (7)        ; 0           ; 0            ; 0       ; 0         ; 0    ; 0            ; |digital_clock|clock:inst3|cnt60:inst1|74390:inst6                    ; work         ;
;       |cnt60:inst|            ; 10 (0)            ; 7 (0)        ; 0           ; 0            ; 0       ; 0         ; 0    ; 0            ; |digital_clock|clock:inst3|cnt60:inst                                 ; work         ;
;          |74390:inst6|        ; 10 (10)           ; 7 (7)        ; 0           ; 0            ; 0       ; 0         ; 0    ; 0            ; |digital_clock|clock:inst3|cnt60:inst|74390:inst6                     ; work         ;
;       |cnt7:inst6|            ; 3 (0)             ; 3 (0)        ; 0           ; 0            ; 0       ; 0         ; 0    ; 0            ; |digital_clock|clock:inst3|cnt7:inst6                                 ; work         ;
;          |74161:inst6|        ; 3 (0)             ; 3 (0)        ; 0           ; 0            ; 0       ; 0         ; 0    ; 0            ; |digital_clock|clock:inst3|cnt7:inst6|74161:inst6                     ; work         ;
;             |f74161:sub|      ; 3 (3)             ; 3 (3)        ; 0           ; 0            ; 0       ; 0         ; 0    ; 0            ; |digital_clock|clock:inst3|cnt7:inst6|74161:inst6|f74161:sub          ; work         ;
;       |sec_select:inst9|      ; 3 (0)             ; 0 (0)        ; 0           ; 0            ; 0       ; 0         ; 0    ; 0            ; |digital_clock|clock:inst3|sec_select:inst9                           ; work         ;
;          |74151:inst5|        ; 1 (0)             ; 0 (0)        ; 0           ; 0            ; 0       ; 0         ; 0    ; 0            ; |digital_clock|clock:inst3|sec_select:inst9|74151:inst5               ; work         ;
;             |f74151:sub|      ; 1 (1)             ; 0 (0)        ; 0           ; 0            ; 0       ; 0         ; 0    ; 0            ; |digital_clock|clock:inst3|sec_select:inst9|74151:inst5|f74151:sub    ; work         ;
;          |74151:inst7|        ; 1 (0)             ; 0 (0)        ; 0           ; 0            ; 0       ; 0         ; 0    ; 0            ; |digital_clock|clock:inst3|sec_select:inst9|74151:inst7               ; work         ;
;             |f74151:sub|      ; 1 (1)             ; 0 (0)        ; 0           ; 0            ; 0       ; 0         ; 0    ; 0            ; |digital_clock|clock:inst3|sec_select:inst9|74151:inst7|f74151:sub    ; work         ;
;          |74151:inst|         ; 1 (0)             ; 0 (0)        ; 0           ; 0            ; 0       ; 0         ; 0    ; 0            ; |digital_clock|clock:inst3|sec_select:inst9|74151:inst                ; work         ;
;             |f74151:sub|      ; 1 (1)             ; 0 (0)        ; 0           ; 0            ; 0       ; 0         ; 0    ; 0            ; |digital_clock|clock:inst3|sec_select:inst9|74151:inst|f74151:sub     ; work         ;
;    |cnt8:inst4|               ; 5 (0)             ; 4 (0)        ; 0           ; 0            ; 0       ; 0         ; 0    ; 0            ; |digital_clock|cnt8:inst4                                             ; work         ;
;       |74390:inst|            ; 5 (5)             ; 4 (4)        ; 0           ; 0            ; 0       ; 0         ; 0    ; 0            ; |digital_clock|cnt8:inst4|74390:inst                                  ; work         ;
;    |code_select:inst5|        ; 7 (3)             ; 0 (0)        ; 0           ; 0            ; 0       ; 0         ; 0    ; 0            ; |digital_clock|code_select:inst5                                      ; work         ;
;       |7448:inst|             ; 4 (4)             ; 0 (0)        ; 0           ; 0            ; 0       ; 0         ; 0    ; 0            ; |digital_clock|code_select:inst5|7448:inst                            ; work         ;
;    |dig_select:inst2|         ; 9 (0)             ; 0 (0)        ; 0           ; 0            ; 0       ; 0         ; 0    ; 0            ; |digital_clock|dig_select:inst2                                       ; work         ;
;       |74138:inst|            ; 9 (9)             ; 0 (0)        ; 0           ; 0            ; 0       ; 0         ; 0    ; 0            ; |digital_clock|dig_select:inst2|74138:inst                            ; work         ;
;    |fre_div:inst|             ; 49 (0)            ; 39 (0)       ; 0           ; 0            ; 0       ; 0         ; 0    ; 0            ; |digital_clock|fre_div:inst                                           ; work         ;
;       |74390:inst2|           ; 9 (9)             ; 7 (7)        ; 0           ; 0            ; 0       ; 0         ; 0    ; 0            ; |digital_clock|fre_div:inst|74390:inst2                               ; work         ;
;       |m100:inst1|            ; 10 (0)            ; 8 (0)        ; 0           ; 0            ; 0       ; 0         ; 0    ; 0            ; |digital_clock|fre_div:inst|m100:inst1                                ; work         ;
;          |74390:inst|         ; 10 (10)           ; 8 (8)        ; 0           ; 0            ; 0       ; 0         ; 0    ; 0            ; |digital_clock|fre_div:inst|m100:inst1|74390:inst                     ; work         ;
;       |m100:inst4|            ; 10 (0)            ; 8 (0)        ; 0           ; 0            ; 0       ; 0         ; 0    ; 0            ; |digital_clock|fre_div:inst|m100:inst4                                ; work         ;
;          |74390:inst|         ; 10 (10)           ; 8 (8)        ; 0           ; 0            ; 0       ; 0         ; 0    ; 0            ; |digital_clock|fre_div:inst|m100:inst4|74390:inst                     ; work         ;
;       |m100:inst7|            ; 10 (0)            ; 8 (0)        ; 0           ; 0            ; 0       ; 0         ; 0    ; 0            ; |digital_clock|fre_div:inst|m100:inst7                                ; work         ;
;          |74390:inst|         ; 10 (10)           ; 8 (8)        ; 0           ; 0            ; 0       ; 0         ; 0    ; 0            ; |digital_clock|fre_div:inst|m100:inst7|74390:inst                     ; work         ;
;       |m100:inst|             ; 10 (0)            ; 8 (0)        ; 0           ; 0            ; 0       ; 0         ; 0    ; 0            ; |digital_clock|fre_div:inst|m100:inst                                 ; work         ;
;          |74390:inst|         ; 10 (10)           ; 8 (8)        ; 0           ; 0            ; 0       ; 0         ; 0    ; 0            ; |digital_clock|fre_div:inst|m100:inst|74390:inst                      ; work         ;
;    |key_debounce:inst15|      ; 3 (3)             ; 8 (8)        ; 0           ; 0            ; 0       ; 0         ; 0    ; 0            ; |digital_clock|key_debounce:inst15                                    ; work         ;
;    |key_debounce:inst17|      ; 2 (2)             ; 8 (8)        ; 0           ; 0            ; 0       ; 0         ; 0    ; 0            ; |digital_clock|key_debounce:inst17                                    ; work         ;
;    |key_debounce:inst18|      ; 3 (3)             ; 8 (8)        ; 0           ; 0            ; 0       ; 0         ; 0    ; 0            ; |digital_clock|key_debounce:inst18                                    ; work         ;
;    |key_debounce:inst19|      ; 2 (2)             ; 8 (8)        ; 0           ; 0            ; 0       ; 0         ; 0    ; 0            ; |digital_clock|key_debounce:inst19                                    ; work         ;
;    |knocker:inst24|           ; 4 (0)             ; 4 (0)        ; 0           ; 0            ; 0       ; 0         ; 0    ; 0            ; |digital_clock|knocker:inst24                                         ; work         ;
;       |cnt16:inst1|           ; 4 (0)             ; 4 (0)        ; 0           ; 0            ; 0       ; 0         ; 0    ; 0            ; |digital_clock|knocker:inst24|cnt16:inst1                             ; work         ;
;          |74161:inst|         ; 4 (0)             ; 4 (0)        ; 0           ; 0            ; 0       ; 0         ; 0    ; 0            ; |digital_clock|knocker:inst24|cnt16:inst1|74161:inst                  ; work         ;
;             |f74161:sub|      ; 4 (4)             ; 4 (4)        ; 0           ; 0            ; 0       ; 0         ; 0    ; 0            ; |digital_clock|knocker:inst24|cnt16:inst1|74161:inst|f74161:sub       ; work         ;
;    |miaobiao:inst6|           ; 54 (1)            ; 41 (0)       ; 0           ; 0            ; 0       ; 0         ; 0    ; 0            ; |digital_clock|miaobiao:inst6                                         ; work         ;
;       |Ucnt100:inst|          ; 12 (2)            ; 8 (0)        ; 0           ; 0            ; 0       ; 0         ; 0    ; 0            ; |digital_clock|miaobiao:inst6|Ucnt100:inst                            ; work         ;
;          |Ucnt10:inst1|       ; 5 (0)             ; 4 (0)        ; 0           ; 0            ; 0       ; 0         ; 0    ; 0            ; |digital_clock|miaobiao:inst6|Ucnt100:inst|Ucnt10:inst1               ; work         ;
;             |74390:inst|      ; 5 (5)             ; 4 (4)        ; 0           ; 0            ; 0       ; 0         ; 0    ; 0            ; |digital_clock|miaobiao:inst6|Ucnt100:inst|Ucnt10:inst1|74390:inst    ; work         ;
;          |Ucnt10:inst|        ; 5 (0)             ; 4 (0)        ; 0           ; 0            ; 0       ; 0         ; 0    ; 0            ; |digital_clock|miaobiao:inst6|Ucnt100:inst|Ucnt10:inst                ; work         ;
;             |74390:inst|      ; 5 (5)             ; 4 (4)        ; 0           ; 0            ; 0       ; 0         ; 0    ; 0            ; |digital_clock|miaobiao:inst6|Ucnt100:inst|Ucnt10:inst|74390:inst     ; work         ;
;       |Ucnt60:inst1|          ; 12 (2)            ; 8 (0)        ; 0           ; 0            ; 0       ; 0         ; 0    ; 0            ; |digital_clock|miaobiao:inst6|Ucnt60:inst1                            ; work         ;
;          |74390:inst|         ; 10 (10)           ; 8 (8)        ; 0           ; 0            ; 0       ; 0         ; 0    ; 0            ; |digital_clock|miaobiao:inst6|Ucnt60:inst1|74390:inst                 ; work         ;
;       |Ucnt60:inst2|          ; 10 (1)            ; 7 (0)        ; 0           ; 0            ; 0       ; 0         ; 0    ; 0            ; |digital_clock|miaobiao:inst6|Ucnt60:inst2                            ; work         ;
;          |74390:inst|         ; 9 (9)             ; 7 (7)        ; 0           ; 0            ; 0       ; 0         ; 0    ; 0            ; |digital_clock|miaobiao:inst6|Ucnt60:inst2|74390:inst                 ; work         ;
;       |cnt10:inst5|           ; 6 (1)             ; 5 (1)        ; 0           ; 0            ; 0       ; 0         ; 0    ; 0            ; |digital_clock|miaobiao:inst6|cnt10:inst5                             ; work         ;
;          |74390:inst|         ; 5 (5)             ; 4 (4)        ; 0           ; 0            ; 0       ; 0         ; 0    ; 0            ; |digital_clock|miaobiao:inst6|cnt10:inst5|74390:inst                  ; work         ;
;       |sec_select:inst6|      ; 4 (0)             ; 0 (0)        ; 0           ; 0            ; 0       ; 0         ; 0    ; 0            ; |digital_clock|miaobiao:inst6|sec_select:inst6                        ; work         ;
;          |74151:inst5|        ; 1 (0)             ; 0 (0)        ; 0           ; 0            ; 0       ; 0         ; 0    ; 0            ; |digital_clock|miaobiao:inst6|sec_select:inst6|74151:inst5            ; work         ;
;             |f74151:sub|      ; 1 (1)             ; 0 (0)        ; 0           ; 0            ; 0       ; 0         ; 0    ; 0            ; |digital_clock|miaobiao:inst6|sec_select:inst6|74151:inst5|f74151:sub ; work         ;
;          |74151:inst7|        ; 1 (0)             ; 0 (0)        ; 0           ; 0            ; 0       ; 0         ; 0    ; 0            ; |digital_clock|miaobiao:inst6|sec_select:inst6|74151:inst7            ; work         ;
;             |f74151:sub|      ; 1 (1)             ; 0 (0)        ; 0           ; 0            ; 0       ; 0         ; 0    ; 0            ; |digital_clock|miaobiao:inst6|sec_select:inst6|74151:inst7|f74151:sub ; work         ;
;          |74151:inst9|        ; 1 (0)             ; 0 (0)        ; 0           ; 0            ; 0       ; 0         ; 0    ; 0            ; |digital_clock|miaobiao:inst6|sec_select:inst6|74151:inst9            ; work         ;
;             |f74151:sub|      ; 1 (1)             ; 0 (0)        ; 0           ; 0            ; 0       ; 0         ; 0    ; 0            ; |digital_clock|miaobiao:inst6|sec_select:inst6|74151:inst9|f74151:sub ; work         ;
;          |74151:inst|         ; 1 (0)             ; 0 (0)        ; 0           ; 0            ; 0       ; 0         ; 0    ; 0            ; |digital_clock|miaobiao:inst6|sec_select:inst6|74151:inst             ; work         ;
;             |f74151:sub|      ; 1 (1)             ; 0 (0)        ; 0           ; 0            ; 0       ; 0         ; 0    ; 0            ; |digital_clock|miaobiao:inst6|sec_select:inst6|74151:inst|f74151:sub  ; work         ;
;       |start_end:inst3|       ; 9 (0)             ; 13 (0)       ; 0           ; 0            ; 0       ; 0         ; 0    ; 0            ; |digital_clock|miaobiao:inst6|start_end:inst3                         ; work         ;
;          |jjncnt1:inst|       ; 6 (0)             ; 5 (1)        ; 0           ; 0            ; 0       ; 0         ; 0    ; 0            ; |digital_clock|miaobiao:inst6|start_end:inst3|jjncnt1:inst            ; work         ;
;             |74390:inst|      ; 6 (6)             ; 4 (4)        ; 0           ; 0            ; 0       ; 0         ; 0    ; 0            ; |digital_clock|miaobiao:inst6|start_end:inst3|jjncnt1:inst|74390:inst ; work         ;
;          |key_debounce:inst2| ; 3 (3)             ; 8 (8)        ; 0           ; 0            ; 0       ; 0         ; 0    ; 0            ; |digital_clock|miaobiao:inst6|start_end:inst3|key_debounce:inst2      ; work         ;
;    |mode_select:inst12|       ; 48 (48)           ; 0 (0)        ; 0           ; 0            ; 0       ; 0         ; 0    ; 0            ; |digital_clock|mode_select:inst12                                     ; work         ;
;    |spead_select:inst1|       ; 3 (0)             ; 0 (0)        ; 0           ; 0            ; 0       ; 0         ; 0    ; 0            ; |digital_clock|spead_select:inst1                                     ; work         ;
;       |74153m:inst2|          ; 3 (3)             ; 0 (0)        ; 0           ; 0            ; 0       ; 0         ; 0    ; 0            ; |digital_clock|spead_select:inst1|74153m:inst2                        ; work         ;
;    |timer:inst9|              ; 48 (4)            ; 27 (0)       ; 0           ; 0            ; 0       ; 0         ; 0    ; 0            ; |digital_clock|timer:inst9                                            ; work         ;
;       |cnt24:inst2|           ; 14 (4)            ; 9 (1)        ; 0           ; 0            ; 0       ; 0         ; 0    ; 0            ; |digital_clock|timer:inst9|cnt24:inst2                                ; work         ;
;          |74390:inst6|        ; 10 (10)           ; 8 (8)        ; 0           ; 0            ; 0       ; 0         ; 0    ; 0            ; |digital_clock|timer:inst9|cnt24:inst2|74390:inst6                    ; work         ;
;       |cnt60:inst1|           ; 10 (1)            ; 7 (0)        ; 0           ; 0            ; 0       ; 0         ; 0    ; 0            ; |digital_clock|timer:inst9|cnt60:inst1                                ; work         ;
;          |74390:inst6|        ; 9 (9)             ; 7 (7)        ; 0           ; 0            ; 0       ; 0         ; 0    ; 0            ; |digital_clock|timer:inst9|cnt60:inst1|74390:inst6                    ; work         ;
;       |cnt60:inst|            ; 11 (2)            ; 7 (0)        ; 0           ; 0            ; 0       ; 0         ; 0    ; 0            ; |digital_clock|timer:inst9|cnt60:inst                                 ; work         ;
;          |74390:inst6|        ; 9 (9)             ; 7 (7)        ; 0           ; 0            ; 0       ; 0         ; 0    ; 0            ; |digital_clock|timer:inst9|cnt60:inst|74390:inst6                     ; work         ;
;       |cnt7:inst6|            ; 5 (1)             ; 4 (0)        ; 0           ; 0            ; 0       ; 0         ; 0    ; 0            ; |digital_clock|timer:inst9|cnt7:inst6                                 ; work         ;
;          |74161:inst6|        ; 4 (0)             ; 4 (0)        ; 0           ; 0            ; 0       ; 0         ; 0    ; 0            ; |digital_clock|timer:inst9|cnt7:inst6|74161:inst6                     ; work         ;
;             |f74161:sub|      ; 4 (4)             ; 4 (4)        ; 0           ; 0            ; 0       ; 0         ; 0    ; 0            ; |digital_clock|timer:inst9|cnt7:inst6|74161:inst6|f74161:sub          ; work         ;
;       |sec_select:inst9|      ; 4 (0)             ; 0 (0)        ; 0           ; 0            ; 0       ; 0         ; 0    ; 0            ; |digital_clock|timer:inst9|sec_select:inst9                           ; work         ;
;          |74151:inst5|        ; 1 (0)             ; 0 (0)        ; 0           ; 0            ; 0       ; 0         ; 0    ; 0            ; |digital_clock|timer:inst9|sec_select:inst9|74151:inst5               ; work         ;
;             |f74151:sub|      ; 1 (1)             ; 0 (0)        ; 0           ; 0            ; 0       ; 0         ; 0    ; 0            ; |digital_clock|timer:inst9|sec_select:inst9|74151:inst5|f74151:sub    ; work         ;
;          |74151:inst7|        ; 1 (0)             ; 0 (0)        ; 0           ; 0            ; 0       ; 0         ; 0    ; 0            ; |digital_clock|timer:inst9|sec_select:inst9|74151:inst7               ; work         ;
;             |f74151:sub|      ; 1 (1)             ; 0 (0)        ; 0           ; 0            ; 0       ; 0         ; 0    ; 0            ; |digital_clock|timer:inst9|sec_select:inst9|74151:inst7|f74151:sub    ; work         ;
;          |74151:inst9|        ; 1 (0)             ; 0 (0)        ; 0           ; 0            ; 0       ; 0         ; 0    ; 0            ; |digital_clock|timer:inst9|sec_select:inst9|74151:inst9               ; work         ;
;             |f74151:sub|      ; 1 (1)             ; 0 (0)        ; 0           ; 0            ; 0       ; 0         ; 0    ; 0            ; |digital_clock|timer:inst9|sec_select:inst9|74151:inst9|f74151:sub    ; work         ;
;          |74151:inst|         ; 1 (0)             ; 0 (0)        ; 0           ; 0            ; 0       ; 0         ; 0    ; 0            ; |digital_clock|timer:inst9|sec_select:inst9|74151:inst                ; work         ;
;             |f74151:sub|      ; 1 (1)             ; 0 (0)        ; 0           ; 0            ; 0       ; 0         ; 0    ; 0            ; |digital_clock|timer:inst9|sec_select:inst9|74151:inst|f74151:sub     ; work         ;
+-------------------------------+-------------------+--------------+-------------+--------------+---------+-----------+------+--------------+-----------------------------------------------------------------------+--------------+
Note: For table entries with two numbers listed, the numbers in parentheses indicate the number of resources of the given type used by the specific entity alone. The numbers listed outside of parentheses indicate the total resources of the given type used by the specific entity and all of its sub-entities in the hierarchy.


+--------------------------------------------------------------------------------------------+
; Registers Removed During Synthesis                                                         ;
+---------------------------------------------------+----------------------------------------+
; Register name                                     ; Reason for Removal                     ;
+---------------------------------------------------+----------------------------------------+
; clock:inst3|cnt7:inst6|74161:inst6|f74161:sub|110 ; Stuck at GND due to stuck port data_in ;
; clock:inst3|cnt60:inst|74390:inst6|31             ; Stuck at GND due to stuck port data_in ;
; timer:inst9|cnt60:inst|74390:inst6|31             ; Stuck at GND due to stuck port data_in ;
; clock:inst3|cnt60:inst1|74390:inst6|31            ; Stuck at GND due to stuck port data_in ;
; timer:inst9|cnt60:inst1|74390:inst6|31            ; Stuck at GND due to stuck port data_in ;
; miaobiao:inst6|Ucnt60:inst2|74390:inst|31         ; Stuck at GND due to stuck port data_in ;
; Total Number of Removed Registers = 6             ;                                        ;
+---------------------------------------------------+----------------------------------------+


+------------------------------------------------------+
; General Register Statistics                          ;
+----------------------------------------------+-------+
; Statistic                                    ; Value ;
+----------------------------------------------+-------+
; Total registers                              ; 173   ;
; Number of registers using Synchronous Clear  ; 0     ;
; Number of registers using Synchronous Load   ; 0     ;
; Number of registers using Asynchronous Clear ; 79    ;
; Number of registers using Asynchronous Load  ; 0     ;
; Number of registers using Clock Enable       ; 0     ;
; Number of registers using Preset             ; 0     ;
+----------------------------------------------+-------+


+-------------------------------------------------------------+
; Inverted Register Statistics                                ;
+---------------------------------------------------+---------+
; Inverted Register                                 ; Fan out ;
+---------------------------------------------------+---------+
; clock:inst3|cnt24:inst2|inst8                     ; 9       ;
; timer:inst9|cnt24:inst2|inst8                     ; 2       ;
; miaobiao:inst6|cnt10:inst5|inst3                  ; 1       ;
; miaobiao:inst6|start_end:inst3|jjncnt1:inst|inst3 ; 4       ;
; Total number of inverted registers = 4            ;         ;
+---------------------------------------------------+---------+


+--------------------------------------------------------------------------------------------------------------------------------------------------------+
; Multiplexer Restructuring Statistics (Restructuring Performed)                                                                                         ;
+--------------------+-----------+---------------+----------------------+------------------------+------------+------------------------------------------+
; Multiplexer Inputs ; Bus Width ; Baseline Area ; Area if Restructured ; Saving if Restructured ; Registered ; Example Multiplexer Output               ;
+--------------------+-----------+---------------+----------------------+------------------------+------------+------------------------------------------+
; 19:1               ; 4 bits    ; 48 LEs        ; 48 LEs               ; 0 LEs                  ; No         ; |digital_clock|mode_select:inst12|inst12 ;
+--------------------+-----------+---------------+----------------------+------------------------+------------+------------------------------------------+


+------------------------------------------------------------------------+
; Parameter Settings for User Entity Instance: knocker:inst24|74151:inst ;
+------------------------+-------------+---------------------------------+
; Parameter Name         ; Value       ; Type                            ;
+------------------------+-------------+---------------------------------+
; DEVICE_FAMILY          ; Cyclone III ; Untyped                         ;
; AUTO_CARRY_CHAINS      ; ON          ; AUTO_CARRY                      ;
; IGNORE_CARRY_BUFFERS   ; OFF         ; IGNORE_CARRY                    ;
; AUTO_CASCADE_CHAINS    ; ON          ; AUTO_CASCADE                    ;
; IGNORE_CASCADE_BUFFERS ; OFF         ; IGNORE_CASCADE                  ;
+------------------------+-------------+---------------------------------+
Note: In order to hide this table in the UI and the text report file, please set the "Show Parameter Settings in Synthesis Report" option in "Analysis and Synthesis Settings -> More Settings" to "Off".


+------------------------------------------------------------------------------------+
; Parameter Settings for User Entity Instance: knocker:inst24|cnt16:inst1|74161:inst ;
+------------------------+-------------+---------------------------------------------+
; Parameter Name         ; Value       ; Type                                        ;
+------------------------+-------------+---------------------------------------------+
; DEVICE_FAMILY          ; Cyclone III ; Untyped                                     ;
; AUTO_CARRY_CHAINS      ; ON          ; AUTO_CARRY                                  ;
; IGNORE_CARRY_BUFFERS   ; OFF         ; IGNORE_CARRY                                ;
; AUTO_CASCADE_CHAINS    ; ON          ; AUTO_CASCADE                                ;
; IGNORE_CASCADE_BUFFERS ; OFF         ; IGNORE_CASCADE                              ;
+------------------------+-------------+---------------------------------------------+
Note: In order to hide this table in the UI and the text report file, please set the "Show Parameter Settings in Synthesis Report" option in "Analysis and Synthesis Settings -> More Settings" to "Off".


+----------------------------------------------------------------------------+
; Parameter Settings for User Entity Instance: bell_judge:inst8|74151:inst28 ;
+------------------------+-------------+-------------------------------------+
; Parameter Name         ; Value       ; Type                                ;
+------------------------+-------------+-------------------------------------+
; DEVICE_FAMILY          ; Cyclone III ; Untyped                             ;
; AUTO_CARRY_CHAINS      ; ON          ; AUTO_CARRY                          ;
; IGNORE_CARRY_BUFFERS   ; OFF         ; IGNORE_CARRY                        ;
; AUTO_CASCADE_CHAINS    ; ON          ; AUTO_CASCADE                        ;
; IGNORE_CASCADE_BUFFERS ; OFF         ; IGNORE_CASCADE                      ;
+------------------------+-------------+-------------------------------------+
Note: In order to hide this table in the UI and the text report file, please set the "Show Parameter Settings in Synthesis Report" option in "Analysis and Synthesis Settings -> More Settings" to "Off".


+--------------------------------------------------------------------------------------+
; Parameter Settings for User Entity Instance: clock:inst3|sec_select:inst9|74151:inst ;
+------------------------+-------------+-----------------------------------------------+
; Parameter Name         ; Value       ; Type                                          ;
+------------------------+-------------+-----------------------------------------------+
; DEVICE_FAMILY          ; Cyclone III ; Untyped                                       ;
; AUTO_CARRY_CHAINS      ; ON          ; AUTO_CARRY                                    ;
; IGNORE_CARRY_BUFFERS   ; OFF         ; IGNORE_CARRY                                  ;
; AUTO_CASCADE_CHAINS    ; ON          ; AUTO_CASCADE                                  ;
; IGNORE_CASCADE_BUFFERS ; OFF         ; IGNORE_CASCADE                                ;
+------------------------+-------------+-----------------------------------------------+
Note: In order to hide this table in the UI and the text report file, please set the "Show Parameter Settings in Synthesis Report" option in "Analysis and Synthesis Settings -> More Settings" to "Off".


+---------------------------------------------------------------------------------------+
; Parameter Settings for User Entity Instance: clock:inst3|sec_select:inst9|74151:inst5 ;
+------------------------+-------------+------------------------------------------------+
; Parameter Name         ; Value       ; Type                                           ;
+------------------------+-------------+------------------------------------------------+
; DEVICE_FAMILY          ; Cyclone III ; Untyped                                        ;
; AUTO_CARRY_CHAINS      ; ON          ; AUTO_CARRY                                     ;
; IGNORE_CARRY_BUFFERS   ; OFF         ; IGNORE_CARRY                                   ;
; AUTO_CASCADE_CHAINS    ; ON          ; AUTO_CASCADE                                   ;
; IGNORE_CASCADE_BUFFERS ; OFF         ; IGNORE_CASCADE                                 ;
+------------------------+-------------+------------------------------------------------+
Note: In order to hide this table in the UI and the text report file, please set the "Show Parameter Settings in Synthesis Report" option in "Analysis and Synthesis Settings -> More Settings" to "Off".


+---------------------------------------------------------------------------------------+
; Parameter Settings for User Entity Instance: clock:inst3|sec_select:inst9|74151:inst7 ;
+------------------------+-------------+------------------------------------------------+
; Parameter Name         ; Value       ; Type                                           ;
+------------------------+-------------+------------------------------------------------+
; DEVICE_FAMILY          ; Cyclone III ; Untyped                                        ;
; AUTO_CARRY_CHAINS      ; ON          ; AUTO_CARRY                                     ;
; IGNORE_CARRY_BUFFERS   ; OFF         ; IGNORE_CARRY                                   ;
; AUTO_CASCADE_CHAINS    ; ON          ; AUTO_CASCADE                                   ;
; IGNORE_CASCADE_BUFFERS ; OFF         ; IGNORE_CASCADE                                 ;
+------------------------+-------------+------------------------------------------------+
Note: In order to hide this table in the UI and the text report file, please set the "Show Parameter Settings in Synthesis Report" option in "Analysis and Synthesis Settings -> More Settings" to "Off".


+---------------------------------------------------------------------------------------+
; Parameter Settings for User Entity Instance: clock:inst3|sec_select:inst9|74151:inst9 ;
+------------------------+-------------+------------------------------------------------+
; Parameter Name         ; Value       ; Type                                           ;
+------------------------+-------------+------------------------------------------------+
; DEVICE_FAMILY          ; Cyclone III ; Untyped                                        ;
; AUTO_CARRY_CHAINS      ; ON          ; AUTO_CARRY                                     ;
; IGNORE_CARRY_BUFFERS   ; OFF         ; IGNORE_CARRY                                   ;
; AUTO_CASCADE_CHAINS    ; ON          ; AUTO_CASCADE                                   ;
; IGNORE_CASCADE_BUFFERS ; OFF         ; IGNORE_CASCADE                                 ;
+------------------------+-------------+------------------------------------------------+
Note: In order to hide this table in the UI and the text report file, please set the "Show Parameter Settings in Synthesis Report" option in "Analysis and Synthesis Settings -> More Settings" to "Off".


+---------------------------------------------------------------------------------+
; Parameter Settings for User Entity Instance: clock:inst3|cnt7:inst6|74161:inst6 ;
+------------------------+-------------+------------------------------------------+
; Parameter Name         ; Value       ; Type                                     ;
+------------------------+-------------+------------------------------------------+
; DEVICE_FAMILY          ; Cyclone III ; Untyped                                  ;
; AUTO_CARRY_CHAINS      ; ON          ; AUTO_CARRY                               ;
; IGNORE_CARRY_BUFFERS   ; OFF         ; IGNORE_CARRY                             ;
; AUTO_CASCADE_CHAINS    ; ON          ; AUTO_CASCADE                             ;
; IGNORE_CASCADE_BUFFERS ; OFF         ; IGNORE_CASCADE                           ;
+------------------------+-------------+------------------------------------------+
Note: In order to hide this table in the UI and the text report file, please set the "Show Parameter Settings in Synthesis Report" option in "Analysis and Synthesis Settings -> More Settings" to "Off".


+--------------------------------------------------------------------------------------+
; Parameter Settings for User Entity Instance: timer:inst9|sec_select:inst9|74151:inst ;
+------------------------+-------------+-----------------------------------------------+
; Parameter Name         ; Value       ; Type                                          ;
+------------------------+-------------+-----------------------------------------------+
; DEVICE_FAMILY          ; Cyclone III ; Untyped                                       ;
; AUTO_CARRY_CHAINS      ; ON          ; AUTO_CARRY                                    ;
; IGNORE_CARRY_BUFFERS   ; OFF         ; IGNORE_CARRY                                  ;
; AUTO_CASCADE_CHAINS    ; ON          ; AUTO_CASCADE                                  ;
; IGNORE_CASCADE_BUFFERS ; OFF         ; IGNORE_CASCADE                                ;
+------------------------+-------------+-----------------------------------------------+
Note: In order to hide this table in the UI and the text report file, please set the "Show Parameter Settings in Synthesis Report" option in "Analysis and Synthesis Settings -> More Settings" to "Off".


+---------------------------------------------------------------------------------------+
; Parameter Settings for User Entity Instance: timer:inst9|sec_select:inst9|74151:inst5 ;
+------------------------+-------------+------------------------------------------------+
; Parameter Name         ; Value       ; Type                                           ;
+------------------------+-------------+------------------------------------------------+
; DEVICE_FAMILY          ; Cyclone III ; Untyped                                        ;
; AUTO_CARRY_CHAINS      ; ON          ; AUTO_CARRY                                     ;
; IGNORE_CARRY_BUFFERS   ; OFF         ; IGNORE_CARRY                                   ;
; AUTO_CASCADE_CHAINS    ; ON          ; AUTO_CASCADE                                   ;
; IGNORE_CASCADE_BUFFERS ; OFF         ; IGNORE_CASCADE                                 ;
+------------------------+-------------+------------------------------------------------+
Note: In order to hide this table in the UI and the text report file, please set the "Show Parameter Settings in Synthesis Report" option in "Analysis and Synthesis Settings -> More Settings" to "Off".


+---------------------------------------------------------------------------------------+
; Parameter Settings for User Entity Instance: timer:inst9|sec_select:inst9|74151:inst7 ;
+------------------------+-------------+------------------------------------------------+
; Parameter Name         ; Value       ; Type                                           ;
+------------------------+-------------+------------------------------------------------+
; DEVICE_FAMILY          ; Cyclone III ; Untyped                                        ;
; AUTO_CARRY_CHAINS      ; ON          ; AUTO_CARRY                                     ;
; IGNORE_CARRY_BUFFERS   ; OFF         ; IGNORE_CARRY                                   ;
; AUTO_CASCADE_CHAINS    ; ON          ; AUTO_CASCADE                                   ;
; IGNORE_CASCADE_BUFFERS ; OFF         ; IGNORE_CASCADE                                 ;
+------------------------+-------------+------------------------------------------------+
Note: In order to hide this table in the UI and the text report file, please set the "Show Parameter Settings in Synthesis Report" option in "Analysis and Synthesis Settings -> More Settings" to "Off".


+---------------------------------------------------------------------------------------+
; Parameter Settings for User Entity Instance: timer:inst9|sec_select:inst9|74151:inst9 ;
+------------------------+-------------+------------------------------------------------+
; Parameter Name         ; Value       ; Type                                           ;
+------------------------+-------------+------------------------------------------------+
; DEVICE_FAMILY          ; Cyclone III ; Untyped                                        ;
; AUTO_CARRY_CHAINS      ; ON          ; AUTO_CARRY                                     ;
; IGNORE_CARRY_BUFFERS   ; OFF         ; IGNORE_CARRY                                   ;
; AUTO_CASCADE_CHAINS    ; ON          ; AUTO_CASCADE                                   ;
; IGNORE_CASCADE_BUFFERS ; OFF         ; IGNORE_CASCADE                                 ;
+------------------------+-------------+------------------------------------------------+
Note: In order to hide this table in the UI and the text report file, please set the "Show Parameter Settings in Synthesis Report" option in "Analysis and Synthesis Settings -> More Settings" to "Off".


+---------------------------------------------------------------------------------+
; Parameter Settings for User Entity Instance: timer:inst9|cnt7:inst6|74161:inst6 ;
+------------------------+-------------+------------------------------------------+
; Parameter Name         ; Value       ; Type                                     ;
+------------------------+-------------+------------------------------------------+
; DEVICE_FAMILY          ; Cyclone III ; Untyped                                  ;
; AUTO_CARRY_CHAINS      ; ON          ; AUTO_CARRY                               ;
; IGNORE_CARRY_BUFFERS   ; OFF         ; IGNORE_CARRY                             ;
; AUTO_CASCADE_CHAINS    ; ON          ; AUTO_CASCADE                             ;
; IGNORE_CASCADE_BUFFERS ; OFF         ; IGNORE_CASCADE                           ;
+------------------------+-------------+------------------------------------------+
Note: In order to hide this table in the UI and the text report file, please set the "Show Parameter Settings in Synthesis Report" option in "Analysis and Synthesis Settings -> More Settings" to "Off".


+-----------------------------------------------------------------------------------------+
; Parameter Settings for User Entity Instance: miaobiao:inst6|sec_select:inst6|74151:inst ;
+------------------------+-------------+--------------------------------------------------+
; Parameter Name         ; Value       ; Type                                             ;
+------------------------+-------------+--------------------------------------------------+
; DEVICE_FAMILY          ; Cyclone III ; Untyped                                          ;
; AUTO_CARRY_CHAINS      ; ON          ; AUTO_CARRY                                       ;
; IGNORE_CARRY_BUFFERS   ; OFF         ; IGNORE_CARRY                                     ;
; AUTO_CASCADE_CHAINS    ; ON          ; AUTO_CASCADE                                     ;
; IGNORE_CASCADE_BUFFERS ; OFF         ; IGNORE_CASCADE                                   ;
+------------------------+-------------+--------------------------------------------------+
Note: In order to hide this table in the UI and the text report file, please set the "Show Parameter Settings in Synthesis Report" option in "Analysis and Synthesis Settings -> More Settings" to "Off".


+------------------------------------------------------------------------------------------+
; Parameter Settings for User Entity Instance: miaobiao:inst6|sec_select:inst6|74151:inst5 ;
+------------------------+-------------+---------------------------------------------------+
; Parameter Name         ; Value       ; Type                                              ;
+------------------------+-------------+---------------------------------------------------+
; DEVICE_FAMILY          ; Cyclone III ; Untyped                                           ;
; AUTO_CARRY_CHAINS      ; ON          ; AUTO_CARRY                                        ;
; IGNORE_CARRY_BUFFERS   ; OFF         ; IGNORE_CARRY                                      ;
; AUTO_CASCADE_CHAINS    ; ON          ; AUTO_CASCADE                                      ;
; IGNORE_CASCADE_BUFFERS ; OFF         ; IGNORE_CASCADE                                    ;
+------------------------+-------------+---------------------------------------------------+
Note: In order to hide this table in the UI and the text report file, please set the "Show Parameter Settings in Synthesis Report" option in "Analysis and Synthesis Settings -> More Settings" to "Off".


+------------------------------------------------------------------------------------------+
; Parameter Settings for User Entity Instance: miaobiao:inst6|sec_select:inst6|74151:inst7 ;
+------------------------+-------------+---------------------------------------------------+
; Parameter Name         ; Value       ; Type                                              ;
+------------------------+-------------+---------------------------------------------------+
; DEVICE_FAMILY          ; Cyclone III ; Untyped                                           ;
; AUTO_CARRY_CHAINS      ; ON          ; AUTO_CARRY                                        ;
; IGNORE_CARRY_BUFFERS   ; OFF         ; IGNORE_CARRY                                      ;
; AUTO_CASCADE_CHAINS    ; ON          ; AUTO_CASCADE                                      ;
; IGNORE_CASCADE_BUFFERS ; OFF         ; IGNORE_CASCADE                                    ;
+------------------------+-------------+---------------------------------------------------+
Note: In order to hide this table in the UI and the text report file, please set the "Show Parameter Settings in Synthesis Report" option in "Analysis and Synthesis Settings -> More Settings" to "Off".


+------------------------------------------------------------------------------------------+
; Parameter Settings for User Entity Instance: miaobiao:inst6|sec_select:inst6|74151:inst9 ;
+------------------------+-------------+---------------------------------------------------+
; Parameter Name         ; Value       ; Type                                              ;
+------------------------+-------------+---------------------------------------------------+
; DEVICE_FAMILY          ; Cyclone III ; Untyped                                           ;
; AUTO_CARRY_CHAINS      ; ON          ; AUTO_CARRY                                        ;
; IGNORE_CARRY_BUFFERS   ; OFF         ; IGNORE_CARRY                                      ;
; AUTO_CASCADE_CHAINS    ; ON          ; AUTO_CASCADE                                      ;
; IGNORE_CASCADE_BUFFERS ; OFF         ; IGNORE_CASCADE                                    ;
+------------------------+-------------+---------------------------------------------------+
Note: In order to hide this table in the UI and the text report file, please set the "Show Parameter Settings in Synthesis Report" option in "Analysis and Synthesis Settings -> More Settings" to "Off".


+-----------------------------------------------------------------------------------------+
; Parameter Settings for User Entity Instance: miaobiao:inst6|start_end:inst3|74151:inst1 ;
+------------------------+-------------+--------------------------------------------------+
; Parameter Name         ; Value       ; Type                                             ;
+------------------------+-------------+--------------------------------------------------+
; DEVICE_FAMILY          ; Cyclone III ; Untyped                                          ;
; AUTO_CARRY_CHAINS      ; ON          ; AUTO_CARRY                                       ;
; IGNORE_CARRY_BUFFERS   ; OFF         ; IGNORE_CARRY                                     ;
; AUTO_CASCADE_CHAINS    ; ON          ; AUTO_CASCADE                                     ;
; IGNORE_CASCADE_BUFFERS ; OFF         ; IGNORE_CASCADE                                   ;
+------------------------+-------------+--------------------------------------------------+
Note: In order to hide this table in the UI and the text report file, please set the "Show Parameter Settings in Synthesis Report" option in "Analysis and Synthesis Settings -> More Settings" to "Off".


+-------------------------------+
; Elapsed Time Per Partition    ;
+----------------+--------------+
; Partition Name ; Elapsed Time ;
+----------------+--------------+
; Top            ; 00:00:00     ;
+----------------+--------------+


+-------------------------------+
; Analysis & Synthesis Messages ;
+-------------------------------+
Info: *******************************************************************
Info: Running Quartus II 64-Bit Analysis & Synthesis
    Info: Version 13.1.0 Build 162 10/23/2013 SJ Web Edition
    Info: Processing started: Thu Dec 07 19:24:53 2023
Info: Command: quartus_map --read_settings_files=on --write_settings_files=off digital_clock -c digital_clock
Info (11104): Parallel Compilation has detected 16 hyper-threaded processors. However, the extra hyper-threaded processors will not be used by default. Parallel Compilation will use 12 of the 12 physical processors detected instead.
Info (12021): Found 1 design units, including 1 entities, in source file sec_select.bdf
    Info (12023): Found entity 1: sec_select
Info (12021): Found 1 design units, including 1 entities, in source file m100.bdf
    Info (12023): Found entity 1: m100
Info (12021): Found 1 design units, including 1 entities, in source file key_debounce.bdf
    Info (12023): Found entity 1: key_debounce
Info (12021): Found 1 design units, including 1 entities, in source file fre_div.bdf
    Info (12023): Found entity 1: fre_div
Info (12021): Found 1 design units, including 1 entities, in source file dig_select.bdf
    Info (12023): Found entity 1: dig_select
Info (12021): Found 1 design units, including 1 entities, in source file code_select.bdf
    Info (12023): Found entity 1: code_select
Info (12021): Found 1 design units, including 1 entities, in source file cnt6.bdf
    Info (12023): Found entity 1: cnt6
Info (12021): Found 1 design units, including 1 entities, in source file cnt100.bdf
    Info (12023): Found entity 1: cnt100
Info (12021): Found 1 design units, including 1 entities, in source file digital_clock.bdf
    Info (12023): Found entity 1: digital_clock
Info (12021): Found 1 design units, including 1 entities, in source file cnt60.bdf
    Info (12023): Found entity 1: cnt60
Info (12021): Found 1 design units, including 1 entities, in source file cnt10.bdf
    Info (12023): Found entity 1: cnt10
Info (12021): Found 1 design units, including 1 entities, in source file cnt24.bdf
    Info (12023): Found entity 1: cnt24
Info (12021): Found 1 design units, including 1 entities, in source file spead_select.bdf
    Info (12023): Found entity 1: spead_select
Info (12021): Found 1 design units, including 1 entities, in source file cnt8.bdf
    Info (12023): Found entity 1: cnt8
Info (12021): Found 1 design units, including 1 entities, in source file cnt7.bdf
    Info (12023): Found entity 1: cnt7
Info (12021): Found 1 design units, including 1 entities, in source file timer.bdf
    Info (12023): Found entity 1: timer
Info (12021): Found 1 design units, including 1 entities, in source file m10.bdf
    Info (12023): Found entity 1: m10
Info (12021): Found 1 design units, including 1 entities, in source file knocker.bdf
    Info (12023): Found entity 1: knocker
Info (12021): Found 1 design units, including 1 entities, in source file cnt16.bdf
    Info (12023): Found entity 1: cnt16
Info (12021): Found 1 design units, including 1 entities, in source file bell_judge.bdf
    Info (12023): Found entity 1: bell_judge
Info (12021): Found 1 design units, including 1 entities, in source file clock.bdf
    Info (12023): Found entity 1: clock
Info (12021): Found 1 design units, including 1 entities, in source file mode_select.bdf
    Info (12023): Found entity 1: mode_select
Info (12021): Found 1 design units, including 1 entities, in source file jjncnt1.bdf
    Info (12023): Found entity 1: jjncnt1
Info (12021): Found 1 design units, including 1 entities, in source file start_end.bdf
    Info (12023): Found entity 1: start_end
Info (12021): Found 1 design units, including 1 entities, in source file miaobiao.bdf
    Info (12023): Found entity 1: miaobiao
Info (12021): Found 1 design units, including 1 entities, in source file ucnt10.bdf
    Info (12023): Found entity 1: Ucnt10
Info (12021): Found 1 design units, including 1 entities, in source file ucnt100.bdf
    Info (12023): Found entity 1: Ucnt100
Info (12021): Found 1 design units, including 1 entities, in source file ucnt60.bdf
    Info (12023): Found entity 1: Ucnt60
Info (12127): Elaborating entity "digital_clock" for the top level hierarchy
Info (12128): Elaborating entity "key_debounce" for hierarchy "key_debounce:inst15"
Info (12128): Elaborating entity "fre_div" for hierarchy "fre_div:inst"
Info (12128): Elaborating entity "74390" for hierarchy "fre_div:inst|74390:inst2"
Info (12130): Elaborated megafunction instantiation "fre_div:inst|74390:inst2"
Info (12128): Elaborating entity "m100" for hierarchy "fre_div:inst|m100:inst1"
Info (12128): Elaborating entity "knocker" for hierarchy "knocker:inst24"
Info (12128): Elaborating entity "74151" for hierarchy "knocker:inst24|74151:inst"
Info (12130): Elaborated megafunction instantiation "knocker:inst24|74151:inst"
Info (12128): Elaborating entity "f74151" for hierarchy "knocker:inst24|74151:inst|f74151:sub"
Info (12131): Elaborated megafunction instantiation "knocker:inst24|74151:inst|f74151:sub", which is child of megafunction instantiation "knocker:inst24|74151:inst"
Info (12128): Elaborating entity "cnt16" for hierarchy "knocker:inst24|cnt16:inst1"
Info (12128): Elaborating entity "74161" for hierarchy "knocker:inst24|cnt16:inst1|74161:inst"
Info (12130): Elaborated megafunction instantiation "knocker:inst24|cnt16:inst1|74161:inst"
Info (12128): Elaborating entity "f74161" for hierarchy "knocker:inst24|cnt16:inst1|74161:inst|f74161:sub"
Info (12131): Elaborated megafunction instantiation "knocker:inst24|cnt16:inst1|74161:inst|f74161:sub", which is child of megafunction instantiation "knocker:inst24|cnt16:inst1|74161:inst"
Info (12128): Elaborating entity "bell_judge" for hierarchy "bell_judge:inst8"
Info (12128): Elaborating entity "74151" for hierarchy "bell_judge:inst8|74151:inst28"
Info (12130): Elaborated megafunction instantiation "bell_judge:inst8|74151:inst28"
Info (12128): Elaborating entity "clock" for hierarchy "clock:inst3"
Warning (275083): Bus "q_10[3..0]" found using same base name as "q_1", which might lead to a name conflict.
Warning (275080): Converted elements in bus name "q_1" using legacy naming rules. Make any assignments on the new names, not on the original names.
    Warning (275081): Converted element name(s) from "q_1[3..0]" to "q_13..0"
Warning (275080): Converted elements in bus name "q_10" using legacy naming rules. Make any assignments on the new names, not on the original names.
    Warning (275081): Converted element name(s) from "q_10[3..0]" to "q_103..0"
Warning (275083): Bus "q_10[3..0]" found using same base name as "q_1", which might lead to a name conflict.
Warning (275080): Converted elements in bus name "q_1" using legacy naming rules. Make any assignments on the new names, not on the original names.
    Warning (275081): Converted element name(s) from "q_1[3..0]" to "q_13..0"
Warning (275080): Converted elements in bus name "q_10" using legacy naming rules. Make any assignments on the new names, not on the original names.
    Warning (275081): Converted element name(s) from "q_10[3..0]" to "q_103..0"
Warning (275083): Bus "q_10[3..0]" found using same base name as "q_1", which might lead to a name conflict.
Warning (275080): Converted elements in bus name "q_1" using legacy naming rules. Make any assignments on the new names, not on the original names.
    Warning (275081): Converted element name(s) from "q_1[3..0]" to "q_13..0"
Warning (275080): Converted elements in bus name "q_10" using legacy naming rules. Make any assignments on the new names, not on the original names.
    Warning (275081): Converted element name(s) from "q_10[3..0]" to "q_103..0"
Info (12128): Elaborating entity "sec_select" for hierarchy "clock:inst3|sec_select:inst9"
Info (12128): Elaborating entity "74151" for hierarchy "clock:inst3|sec_select:inst9|74151:inst"
Info (12130): Elaborated megafunction instantiation "clock:inst3|sec_select:inst9|74151:inst"
Info (12128): Elaborating entity "cnt24" for hierarchy "clock:inst3|cnt24:inst2"
Warning (275083): Bus "q_10[3..0]" found using same base name as "q_1", which might lead to a name conflict.
Warning (275083): Bus "q_10[3]" found using same base name as "q_1", which might lead to a name conflict.
Warning (275083): Bus "q_10[1]" found using same base name as "q_1", which might lead to a name conflict.
Warning (275083): Bus "q_10[2]" found using same base name as "q_1", which might lead to a name conflict.
Warning (275083): Bus "q_10[0]" found using same base name as "q_1", which might lead to a name conflict.
Warning (275083): Bus "q_10[3..0]" found using same base name as "q_1", which might lead to a name conflict.
Warning (275080): Converted elements in bus name "q_1" using legacy naming rules. Make any assignments on the new names, not on the original names.
    Warning (275081): Converted element name(s) from "q_1[3..0]" to "q_13..0"
Warning (275080): Converted elements in bus name "q_10" using legacy naming rules. Make any assignments on the new names, not on the original names.
    Warning (275081): Converted element name(s) from "q_10[3..0]" to "q_103..0"
Info (12128): Elaborating entity "cnt60" for hierarchy "clock:inst3|cnt60:inst1"
Warning (275083): Bus "q_10[3..0]" found using same base name as "q_1", which might lead to a name conflict.
Warning (275083): Bus "q_10[1]" found using same base name as "q_1", which might lead to a name conflict.
Warning (275083): Bus "q_10[2]" found using same base name as "q_1", which might lead to a name conflict.
Warning (275083): Bus "q_10[3..0]" found using same base name as "q_1", which might lead to a name conflict.
Warning (275083): Bus "q_10[3]" found using same base name as "q_1", which might lead to a name conflict.
Warning (275083): Bus "q_10[0]" found using same base name as "q_1", which might lead to a name conflict.
Warning (275080): Converted elements in bus name "q_1" using legacy naming rules. Make any assignments on the new names, not on the original names.
    Warning (275081): Converted element name(s) from "q_1[3..0]" to "q_13..0"
Warning (275080): Converted elements in bus name "q_10" using legacy naming rules. Make any assignments on the new names, not on the original names.
    Warning (275081): Converted element name(s) from "q_10[3..0]" to "q_103..0"
Info (12128): Elaborating entity "cnt7" for hierarchy "clock:inst3|cnt7:inst6"
Info (12128): Elaborating entity "74161" for hierarchy "clock:inst3|cnt7:inst6|74161:inst6"
Info (12130): Elaborated megafunction instantiation "clock:inst3|cnt7:inst6|74161:inst6"
Info (12128): Elaborating entity "cnt8" for hierarchy "cnt8:inst4"
Info (12128): Elaborating entity "timer" for hierarchy "timer:inst9"
Warning (275083): Bus "q_10[3..0]" found using same base name as "q_1", which might lead to a name conflict.
Warning (275080): Converted elements in bus name "q_1" using legacy naming rules. Make any assignments on the new names, not on the original names.
    Warning (275081): Converted element name(s) from "q_1[3..0]" to "q_13..0"
Warning (275080): Converted elements in bus name "q_10" using legacy naming rules. Make any assignments on the new names, not on the original names.
    Warning (275081): Converted element name(s) from "q_10[3..0]" to "q_103..0"
Warning (275083): Bus "q_10[3..0]" found using same base name as "q_1", which might lead to a name conflict.
Warning (275080): Converted elements in bus name "q_1" using legacy naming rules. Make any assignments on the new names, not on the original names.
    Warning (275081): Converted element name(s) from "q_1[3..0]" to "q_13..0"
Warning (275080): Converted elements in bus name "q_10" using legacy naming rules. Make any assignments on the new names, not on the original names.
    Warning (275081): Converted element name(s) from "q_10[3..0]" to "q_103..0"
Warning (275083): Bus "q_10[3..0]" found using same base name as "q_1", which might lead to a name conflict.
Warning (275080): Converted elements in bus name "q_1" using legacy naming rules. Make any assignments on the new names, not on the original names.
    Warning (275081): Converted element name(s) from "q_1[3..0]" to "q_13..0"
Warning (275080): Converted elements in bus name "q_10" using legacy naming rules. Make any assignments on the new names, not on the original names.
    Warning (275081): Converted element name(s) from "q_10[3..0]" to "q_103..0"
Info (12128): Elaborating entity "spead_select" for hierarchy "spead_select:inst1"
Info (12128): Elaborating entity "74153M" for hierarchy "spead_select:inst1|74153M:inst2"
Info (12130): Elaborated megafunction instantiation "spead_select:inst1|74153M:inst2"
Info (12128): Elaborating entity "dig_select" for hierarchy "dig_select:inst2"
Info (12128): Elaborating entity "74138" for hierarchy "dig_select:inst2|74138:inst"
Info (12130): Elaborated megafunction instantiation "dig_select:inst2|74138:inst"
Info (12128): Elaborating entity "code_select" for hierarchy "code_select:inst5"
Info (12128): Elaborating entity "7448" for hierarchy "code_select:inst5|7448:inst"
Info (12130): Elaborated megafunction instantiation "code_select:inst5|7448:inst"
Info (12128): Elaborating entity "mode_select" for hierarchy "mode_select:inst12"
Info (12128): Elaborating entity "miaobiao" for hierarchy "miaobiao:inst6"
Info (12128): Elaborating entity "Ucnt60" for hierarchy "miaobiao:inst6|Ucnt60:inst2"
Info (12128): Elaborating entity "Ucnt100" for hierarchy "miaobiao:inst6|Ucnt100:inst"
Info (12128): Elaborating entity "Ucnt10" for hierarchy "miaobiao:inst6|Ucnt100:inst|Ucnt10:inst1"
Info (12128): Elaborating entity "start_end" for hierarchy "miaobiao:inst6|start_end:inst3"
Info (12128): Elaborating entity "74151" for hierarchy "miaobiao:inst6|start_end:inst3|74151:inst1"
Info (12130): Elaborated megafunction instantiation "miaobiao:inst6|start_end:inst3|74151:inst1"
Info (12128): Elaborating entity "jjncnt1" for hierarchy "miaobiao:inst6|start_end:inst3|jjncnt1:inst"
Info (12128): Elaborating entity "cnt10" for hierarchy "miaobiao:inst6|cnt10:inst5"
Info (13014): Ignored 37 buffer(s)
    Info (13015): Ignored 9 CARRY buffer(s)
    Info (13017): Ignored 28 CASCADE buffer(s)
Warning (19016): Clock multiplexers are found and protected
    Warning (19017): Found clock multiplexer timer:inst9|inst3~0
Warning (19016): Clock multiplexers are found and protected
    Warning (19017): Found clock multiplexer spead_select:inst1|74153m:inst2|9~0
    Warning (19017): Found clock multiplexer spead_select:inst1|74153m:inst2|9~1
Info (13000): Registers with preset signals will power-up high
Info (13003): DEV_CLRn pin will set, and not reset, register with preset signal due to NOT Gate Push-Back
Info (286030): Timing-Driven Synthesis is running
Info (17016): Found the following redundant logic cells in design
    Info (17048): Logic cell "clock:inst3|cnt60:inst|74390:inst6|29"
    Info (17048): Logic cell "timer:inst9|cnt60:inst|74390:inst6|29"
    Info (17048): Logic cell "clock:inst3|cnt60:inst1|74390:inst6|29"
    Info (17048): Logic cell "timer:inst9|cnt60:inst1|74390:inst6|29"
    Info (17048): Logic cell "miaobiao:inst6|Ucnt60:inst2|74390:inst|29"
Info (16010): Generating hard_block partition "hard_block:auto_generated_inst"
    Info (16011): Adding 0 node(s), including 0 DDIO, 0 PLL, 0 transceiver and 0 LCELL
Info (21057): Implemented 369 device resources after synthesis - the final resource count might be different
    Info (21058): Implemented 13 input pins
    Info (21059): Implemented 16 output pins
    Info (21061): Implemented 340 logic cells
Info: Quartus II 64-Bit Analysis & Synthesis was successful. 0 errors, 55 warnings
    Info: Peak virtual memory: 4719 megabytes
    Info: Processing ended: Thu Dec 07 19:24:56 2023
    Info: Elapsed time: 00:00:03
    Info: Total CPU time (on all processors): 00:00:01


